ARM GAS  C:\Users\DMA\AppData\Local\Temp\cc8SfYXH.s 			page 1


   1              		.syntax unified
   2              		.cpu cortex-m0
   3              		.fpu softvfp
   4              		.eabi_attribute 20, 1
   5              		.eabi_attribute 21, 1
   6              		.eabi_attribute 23, 3
   7              		.eabi_attribute 24, 1
   8              		.eabi_attribute 25, 1
   9              		.eabi_attribute 26, 1
  10              		.eabi_attribute 30, 2
  11              		.eabi_attribute 34, 0
  12              		.eabi_attribute 18, 4
  13              		.thumb
  14              		.syntax unified
  15              		.file	"cy_em_eeprom.c"
  16              		.section	.text.CheckCrcAndCopy.isra.2,"ax",%progbits
  17              		.align	2
  18              		.code	16
  19              		.thumb_func
  20              		.type	CheckCrcAndCopy.isra.2, %function
  21              	CheckCrcAndCopy.isra.2:
  22              		@ args = 8, pretend = 0, frame = 256
  23              		@ frame_needed = 0, uses_anonymous_args = 0
  24 0000 F0B5     		push	{r4, r5, r6, r7, lr}
  25 0002 5646     		mov	r6, r10
  26 0004 4D46     		mov	r5, r9
  27 0006 4446     		mov	r4, r8
  28 0008 5F46     		mov	r7, fp
  29 000a F0B4     		push	{r4, r5, r6, r7}
  30 000c C1B0     		sub	sp, sp, #260
  31 000e 9146     		mov	r9, r2
  32 0010 9B46     		mov	fp, r3
  33 0012 4B9A     		ldr	r2, [sp, #300]
  34 0014 4A9B     		ldr	r3, [sp, #296]
  35 0016 8A46     		mov	r10, r1
  36 0018 991A     		subs	r1, r3, r2
  37 001a C36F     		ldr	r3, [r0, #124]
  38 001c 461C     		adds	r6, r0, #1
  39 001e 0400     		movs	r4, r0
  40 0020 0918     		adds	r1, r1, r0
  41 0022 9846     		mov	r8, r3
  42 0024 FF36     		adds	r6, r6, #255
  43 0026 8030     		adds	r0, r0, #128
  44 0028 FF25     		movs	r5, #255
  45 002a 3122     		movs	r2, #49
  46 002c 39E0     		b	.L18
  47              	.L3:
  48 002e 5D00     		lsls	r5, r3, #1
  49 0030 EFB2     		uxtb	r7, r5
  50 0032 3D00     		movs	r5, r7
  51 0034 5540     		eors	r5, r2
  52 0036 EDB2     		uxtb	r5, r5
  53 0038 1B06     		lsls	r3, r3, #24
  54 003a 44D4     		bmi	.L4
  55              	.L53:
  56 003c 3B1C     		adds	r3, r7, #0
  57 003e 5D00     		lsls	r5, r3, #1
ARM GAS  C:\Users\DMA\AppData\Local\Temp\cc8SfYXH.s 			page 2


  58 0040 EFB2     		uxtb	r7, r5
  59 0042 3D00     		movs	r5, r7
  60 0044 5540     		eors	r5, r2
  61 0046 EDB2     		uxtb	r5, r5
  62 0048 1B06     		lsls	r3, r3, #24
  63 004a 44D4     		bmi	.L6
  64              	.L54:
  65 004c 3B1C     		adds	r3, r7, #0
  66 004e 5D00     		lsls	r5, r3, #1
  67 0050 EFB2     		uxtb	r7, r5
  68 0052 3D00     		movs	r5, r7
  69 0054 5540     		eors	r5, r2
  70 0056 EDB2     		uxtb	r5, r5
  71 0058 1B06     		lsls	r3, r3, #24
  72 005a 44D4     		bmi	.L8
  73              	.L55:
  74 005c 3B1C     		adds	r3, r7, #0
  75 005e 5D00     		lsls	r5, r3, #1
  76 0060 EFB2     		uxtb	r7, r5
  77 0062 3D00     		movs	r5, r7
  78 0064 5540     		eors	r5, r2
  79 0066 EDB2     		uxtb	r5, r5
  80 0068 1B06     		lsls	r3, r3, #24
  81 006a 44D4     		bmi	.L10
  82              	.L56:
  83 006c 3B1C     		adds	r3, r7, #0
  84 006e 5D00     		lsls	r5, r3, #1
  85 0070 EFB2     		uxtb	r7, r5
  86 0072 3D00     		movs	r5, r7
  87 0074 5540     		eors	r5, r2
  88 0076 EDB2     		uxtb	r5, r5
  89 0078 1B06     		lsls	r3, r3, #24
  90 007a 44D4     		bmi	.L12
  91              	.L57:
  92 007c 3B1C     		adds	r3, r7, #0
  93 007e 5D00     		lsls	r5, r3, #1
  94 0080 EFB2     		uxtb	r7, r5
  95 0082 3D00     		movs	r5, r7
  96 0084 5540     		eors	r5, r2
  97 0086 EDB2     		uxtb	r5, r5
  98 0088 1B06     		lsls	r3, r3, #24
  99 008a 44D4     		bmi	.L50
 100              	.L15:
 101 008c 7B00     		lsls	r3, r7, #1
 102 008e DBB2     		uxtb	r3, r3
 103 0090 1D00     		movs	r5, r3
 104 0092 5540     		eors	r5, r2
 105 0094 EDB2     		uxtb	r5, r5
 106 0096 3F06     		lsls	r7, r7, #24
 107 0098 45D4     		bmi	.L51
 108              	.L17:
 109 009a 0130     		adds	r0, r0, #1
 110 009c DDB2     		uxtb	r5, r3
 111 009e 8642     		cmp	r6, r0
 112 00a0 46D0     		beq	.L52
 113              	.L18:
 114 00a2 0378     		ldrb	r3, [r0]
ARM GAS  C:\Users\DMA\AppData\Local\Temp\cc8SfYXH.s 			page 3


 115 00a4 6B40     		eors	r3, r5
 116 00a6 5FB2     		sxtb	r7, r3
 117 00a8 5B00     		lsls	r3, r3, #1
 118 00aa DBB2     		uxtb	r3, r3
 119 00ac 1D00     		movs	r5, r3
 120 00ae 5540     		eors	r5, r2
 121 00b0 EDB2     		uxtb	r5, r5
 122 00b2 002F     		cmp	r7, #0
 123 00b4 BBDA     		bge	.L3
 124 00b6 2B1C     		adds	r3, r5, #0
 125 00b8 5D00     		lsls	r5, r3, #1
 126 00ba EFB2     		uxtb	r7, r5
 127 00bc 3D00     		movs	r5, r7
 128 00be 5540     		eors	r5, r2
 129 00c0 EDB2     		uxtb	r5, r5
 130 00c2 1B06     		lsls	r3, r3, #24
 131 00c4 BAD5     		bpl	.L53
 132              	.L4:
 133 00c6 2B1C     		adds	r3, r5, #0
 134 00c8 5D00     		lsls	r5, r3, #1
 135 00ca EFB2     		uxtb	r7, r5
 136 00cc 3D00     		movs	r5, r7
 137 00ce 5540     		eors	r5, r2
 138 00d0 EDB2     		uxtb	r5, r5
 139 00d2 1B06     		lsls	r3, r3, #24
 140 00d4 BAD5     		bpl	.L54
 141              	.L6:
 142 00d6 2B1C     		adds	r3, r5, #0
 143 00d8 5D00     		lsls	r5, r3, #1
 144 00da EFB2     		uxtb	r7, r5
 145 00dc 3D00     		movs	r5, r7
 146 00de 5540     		eors	r5, r2
 147 00e0 EDB2     		uxtb	r5, r5
 148 00e2 1B06     		lsls	r3, r3, #24
 149 00e4 BAD5     		bpl	.L55
 150              	.L8:
 151 00e6 2B1C     		adds	r3, r5, #0
 152 00e8 5D00     		lsls	r5, r3, #1
 153 00ea EFB2     		uxtb	r7, r5
 154 00ec 3D00     		movs	r5, r7
 155 00ee 5540     		eors	r5, r2
 156 00f0 EDB2     		uxtb	r5, r5
 157 00f2 1B06     		lsls	r3, r3, #24
 158 00f4 BAD5     		bpl	.L56
 159              	.L10:
 160 00f6 2B1C     		adds	r3, r5, #0
 161 00f8 5D00     		lsls	r5, r3, #1
 162 00fa EFB2     		uxtb	r7, r5
 163 00fc 3D00     		movs	r5, r7
 164 00fe 5540     		eors	r5, r2
 165 0100 EDB2     		uxtb	r5, r5
 166 0102 1B06     		lsls	r3, r3, #24
 167 0104 BAD5     		bpl	.L57
 168              	.L12:
 169 0106 2B1C     		adds	r3, r5, #0
 170 0108 5D00     		lsls	r5, r3, #1
 171 010a EFB2     		uxtb	r7, r5
ARM GAS  C:\Users\DMA\AppData\Local\Temp\cc8SfYXH.s 			page 4


 172 010c 3D00     		movs	r5, r7
 173 010e 5540     		eors	r5, r2
 174 0110 EDB2     		uxtb	r5, r5
 175 0112 1B06     		lsls	r3, r3, #24
 176 0114 BAD5     		bpl	.L15
 177              	.L50:
 178 0116 2F1C     		adds	r7, r5, #0
 179 0118 7B00     		lsls	r3, r7, #1
 180 011a DBB2     		uxtb	r3, r3
 181 011c 1D00     		movs	r5, r3
 182 011e 5540     		eors	r5, r2
 183 0120 EDB2     		uxtb	r5, r5
 184 0122 3F06     		lsls	r7, r7, #24
 185 0124 B9D5     		bpl	.L17
 186              	.L51:
 187 0126 2B1C     		adds	r3, r5, #0
 188 0128 0130     		adds	r0, r0, #1
 189 012a DDB2     		uxtb	r5, r3
 190 012c 8642     		cmp	r6, r0
 191 012e B8D1     		bne	.L18
 192              	.L52:
 193 0130 A845     		cmp	r8, r5
 194 0132 00D1     		bne	.LCB187
 195 0134 93E0     		b	.L58	@long jump
 196              	.LCB187:
 197 0136 0800     		movs	r0, r1
 198 0138 CB6F     		ldr	r3, [r1, #124]
 199 013a 4E1C     		adds	r6, r1, #1
 200 013c 9846     		mov	r8, r3
 201 013e FF36     		adds	r6, r6, #255
 202 0140 8030     		adds	r0, r0, #128
 203 0142 FF25     		movs	r5, #255
 204 0144 3122     		movs	r2, #49
 205 0146 39E0     		b	.L37
 206              	.L22:
 207 0148 5D00     		lsls	r5, r3, #1
 208 014a EFB2     		uxtb	r7, r5
 209 014c 3D00     		movs	r5, r7
 210 014e 5540     		eors	r5, r2
 211 0150 EDB2     		uxtb	r5, r5
 212 0152 1B06     		lsls	r3, r3, #24
 213 0154 44D4     		bmi	.L23
 214              	.L62:
 215 0156 3B1C     		adds	r3, r7, #0
 216 0158 5D00     		lsls	r5, r3, #1
 217 015a EFB2     		uxtb	r7, r5
 218 015c 3D00     		movs	r5, r7
 219 015e 5540     		eors	r5, r2
 220 0160 EDB2     		uxtb	r5, r5
 221 0162 1B06     		lsls	r3, r3, #24
 222 0164 44D4     		bmi	.L25
 223              	.L63:
 224 0166 3B1C     		adds	r3, r7, #0
 225 0168 5D00     		lsls	r5, r3, #1
 226 016a EFB2     		uxtb	r7, r5
 227 016c 3D00     		movs	r5, r7
 228 016e 5540     		eors	r5, r2
ARM GAS  C:\Users\DMA\AppData\Local\Temp\cc8SfYXH.s 			page 5


 229 0170 EDB2     		uxtb	r5, r5
 230 0172 1B06     		lsls	r3, r3, #24
 231 0174 44D4     		bmi	.L27
 232              	.L64:
 233 0176 3B1C     		adds	r3, r7, #0
 234 0178 5D00     		lsls	r5, r3, #1
 235 017a EFB2     		uxtb	r7, r5
 236 017c 3D00     		movs	r5, r7
 237 017e 5540     		eors	r5, r2
 238 0180 EDB2     		uxtb	r5, r5
 239 0182 1B06     		lsls	r3, r3, #24
 240 0184 44D4     		bmi	.L29
 241              	.L65:
 242 0186 3B1C     		adds	r3, r7, #0
 243 0188 5D00     		lsls	r5, r3, #1
 244 018a EFB2     		uxtb	r7, r5
 245 018c 3D00     		movs	r5, r7
 246 018e 5540     		eors	r5, r2
 247 0190 EDB2     		uxtb	r5, r5
 248 0192 1B06     		lsls	r3, r3, #24
 249 0194 44D4     		bmi	.L31
 250              	.L66:
 251 0196 3B1C     		adds	r3, r7, #0
 252 0198 5D00     		lsls	r5, r3, #1
 253 019a EFB2     		uxtb	r7, r5
 254 019c 3D00     		movs	r5, r7
 255 019e 5540     		eors	r5, r2
 256 01a0 EDB2     		uxtb	r5, r5
 257 01a2 1B06     		lsls	r3, r3, #24
 258 01a4 44D4     		bmi	.L59
 259              	.L34:
 260 01a6 7B00     		lsls	r3, r7, #1
 261 01a8 DBB2     		uxtb	r3, r3
 262 01aa 1D00     		movs	r5, r3
 263 01ac 5540     		eors	r5, r2
 264 01ae EDB2     		uxtb	r5, r5
 265 01b0 3F06     		lsls	r7, r7, #24
 266 01b2 45D4     		bmi	.L60
 267              	.L36:
 268 01b4 0130     		adds	r0, r0, #1
 269 01b6 DDB2     		uxtb	r5, r3
 270 01b8 8642     		cmp	r6, r0
 271 01ba 46D0     		beq	.L61
 272              	.L37:
 273 01bc 0378     		ldrb	r3, [r0]
 274 01be 6B40     		eors	r3, r5
 275 01c0 5FB2     		sxtb	r7, r3
 276 01c2 5B00     		lsls	r3, r3, #1
 277 01c4 DBB2     		uxtb	r3, r3
 278 01c6 1D00     		movs	r5, r3
 279 01c8 5540     		eors	r5, r2
 280 01ca EDB2     		uxtb	r5, r5
 281 01cc 002F     		cmp	r7, #0
 282 01ce BBDA     		bge	.L22
 283 01d0 2B1C     		adds	r3, r5, #0
 284 01d2 5D00     		lsls	r5, r3, #1
 285 01d4 EFB2     		uxtb	r7, r5
ARM GAS  C:\Users\DMA\AppData\Local\Temp\cc8SfYXH.s 			page 6


 286 01d6 3D00     		movs	r5, r7
 287 01d8 5540     		eors	r5, r2
 288 01da EDB2     		uxtb	r5, r5
 289 01dc 1B06     		lsls	r3, r3, #24
 290 01de BAD5     		bpl	.L62
 291              	.L23:
 292 01e0 2B1C     		adds	r3, r5, #0
 293 01e2 5D00     		lsls	r5, r3, #1
 294 01e4 EFB2     		uxtb	r7, r5
 295 01e6 3D00     		movs	r5, r7
 296 01e8 5540     		eors	r5, r2
 297 01ea EDB2     		uxtb	r5, r5
 298 01ec 1B06     		lsls	r3, r3, #24
 299 01ee BAD5     		bpl	.L63
 300              	.L25:
 301 01f0 2B1C     		adds	r3, r5, #0
 302 01f2 5D00     		lsls	r5, r3, #1
 303 01f4 EFB2     		uxtb	r7, r5
 304 01f6 3D00     		movs	r5, r7
 305 01f8 5540     		eors	r5, r2
 306 01fa EDB2     		uxtb	r5, r5
 307 01fc 1B06     		lsls	r3, r3, #24
 308 01fe BAD5     		bpl	.L64
 309              	.L27:
 310 0200 2B1C     		adds	r3, r5, #0
 311 0202 5D00     		lsls	r5, r3, #1
 312 0204 EFB2     		uxtb	r7, r5
 313 0206 3D00     		movs	r5, r7
 314 0208 5540     		eors	r5, r2
 315 020a EDB2     		uxtb	r5, r5
 316 020c 1B06     		lsls	r3, r3, #24
 317 020e BAD5     		bpl	.L65
 318              	.L29:
 319 0210 2B1C     		adds	r3, r5, #0
 320 0212 5D00     		lsls	r5, r3, #1
 321 0214 EFB2     		uxtb	r7, r5
 322 0216 3D00     		movs	r5, r7
 323 0218 5540     		eors	r5, r2
 324 021a EDB2     		uxtb	r5, r5
 325 021c 1B06     		lsls	r3, r3, #24
 326 021e BAD5     		bpl	.L66
 327              	.L31:
 328 0220 2B1C     		adds	r3, r5, #0
 329 0222 5D00     		lsls	r5, r3, #1
 330 0224 EFB2     		uxtb	r7, r5
 331 0226 3D00     		movs	r5, r7
 332 0228 5540     		eors	r5, r2
 333 022a EDB2     		uxtb	r5, r5
 334 022c 1B06     		lsls	r3, r3, #24
 335 022e BAD5     		bpl	.L34
 336              	.L59:
 337 0230 2F1C     		adds	r7, r5, #0
 338 0232 7B00     		lsls	r3, r7, #1
 339 0234 DBB2     		uxtb	r3, r3
 340 0236 1D00     		movs	r5, r3
 341 0238 5540     		eors	r5, r2
 342 023a EDB2     		uxtb	r5, r5
ARM GAS  C:\Users\DMA\AppData\Local\Temp\cc8SfYXH.s 			page 7


 343 023c 3F06     		lsls	r7, r7, #24
 344 023e B9D5     		bpl	.L36
 345              	.L60:
 346 0240 2B1C     		adds	r3, r5, #0
 347 0242 0130     		adds	r0, r0, #1
 348 0244 DDB2     		uxtb	r5, r3
 349 0246 8642     		cmp	r6, r0
 350 0248 B8D1     		bne	.L37
 351              	.L61:
 352 024a 0220     		movs	r0, #2
 353 024c 4545     		cmp	r5, r8
 354 024e 0ED0     		beq	.L67
 355              	.L42:
 356 0250 41B0     		add	sp, sp, #260
 357              		@ sp needed
 358 0252 3CBC     		pop	{r2, r3, r4, r5}
 359 0254 9046     		mov	r8, r2
 360 0256 9946     		mov	r9, r3
 361 0258 A246     		mov	r10, r4
 362 025a AB46     		mov	fp, r5
 363 025c F0BD     		pop	{r4, r5, r6, r7, pc}
 364              	.L58:
 365 025e 2100     		movs	r1, r4
 366 0260 5A46     		mov	r2, fp
 367 0262 4944     		add	r1, r1, r9
 368 0264 5046     		mov	r0, r10
 369 0266 FFF7FEFF 		bl	memcpy
 370 026a 0020     		movs	r0, #0
 371 026c F0E7     		b	.L42
 372              	.L67:
 373 026e 8022     		movs	r2, #128
 374 0270 6846     		mov	r0, sp
 375 0272 5200     		lsls	r2, r2, #1
 376 0274 FFF7FEFF 		bl	memcpy
 377 0278 E003     		lsls	r0, r4, #15
 378 027a C00D     		lsrs	r0, r0, #23
 379 027c 6946     		mov	r1, sp
 380 027e FFF7FEFF 		bl	CySysFlashWriteRow
 381 0282 0028     		cmp	r0, #0
 382 0284 08D1     		bne	.L68
 383 0286 4B46     		mov	r3, r9
 384 0288 9900     		lsls	r1, r3, #2
 385 028a 6944     		add	r1, r1, sp
 386 028c 5A46     		mov	r2, fp
 387 028e 5046     		mov	r0, r10
 388 0290 FFF7FEFF 		bl	memcpy
 389 0294 0020     		movs	r0, #0
 390 0296 DBE7     		b	.L42
 391              	.L68:
 392 0298 0420     		movs	r0, #4
 393 029a D9E7     		b	.L42
 394              		.size	CheckCrcAndCopy.isra.2, .-CheckCrcAndCopy.isra.2
 395              		.section	.text.FillChecksum,"ax",%progbits
 396              		.align	2
 397              		.code	16
 398              		.thumb_func
 399              		.type	FillChecksum, %function
ARM GAS  C:\Users\DMA\AppData\Local\Temp\cc8SfYXH.s 			page 8


 400              	FillChecksum:
 401              		@ args = 0, pretend = 0, frame = 256
 402              		@ frame_needed = 0, uses_anonymous_args = 0
 403 0000 F0B5     		push	{r4, r5, r6, r7, lr}
 404 0002 5646     		mov	r6, r10
 405 0004 4D46     		mov	r5, r9
 406 0006 5F46     		mov	r7, fp
 407 0008 4446     		mov	r4, r8
 408 000a F0B4     		push	{r4, r5, r6, r7}
 409 000c 8668     		ldr	r6, [r0, #8]
 410 000e 4268     		ldr	r2, [r0, #4]
 411 0010 3368     		ldr	r3, [r6]
 412 0012 C1B0     		sub	sp, sp, #260
 413 0014 9A46     		mov	r10, r3
 414 0016 0369     		ldr	r3, [r0, #16]
 415 0018 0500     		movs	r5, r0
 416 001a 5343     		muls	r3, r2
 417 001c 002B     		cmp	r3, #0
 418 001e 00D1     		bne	.LCB433
 419 0020 BDE0     		b	.L92	@long jump
 420              	.LCB433:
 421 0022 D046     		mov	r8, r10
 422 0024 E946     		mov	r9, sp
 423 0026 EB46     		mov	fp, sp
 424 0028 40AC     		add	r4, sp, #256
 425              	.L91:
 426 002a 8022     		movs	r2, #128
 427 002c 3100     		movs	r1, r6
 428 002e 5200     		lsls	r2, r2, #1
 429 0030 4846     		mov	r0, r9
 430 0032 FFF7FEFF 		bl	memcpy
 431 0036 0123     		movs	r3, #1
 432 0038 9C46     		mov	ip, r3
 433 003a E044     		add	r8, r8, ip
 434 003c 4246     		mov	r2, r8
 435 003e 5B46     		mov	r3, fp
 436 0040 D946     		mov	r9, fp
 437 0042 1A60     		str	r2, [r3]
 438 0044 20A9     		add	r1, sp, #128
 439 0046 FF20     		movs	r0, #255
 440 0048 3122     		movs	r2, #49
 441 004a 35E0     		b	.L87
 442              	.L72:
 443 004c 5800     		lsls	r0, r3, #1
 444 004e C0B2     		uxtb	r0, r0
 445 0050 0700     		movs	r7, r0
 446 0052 5740     		eors	r7, r2
 447 0054 FFB2     		uxtb	r7, r7
 448 0056 1B06     		lsls	r3, r3, #24
 449 0058 40D4     		bmi	.L73
 450              	.L106:
 451 005a 031C     		adds	r3, r0, #0
 452 005c 5800     		lsls	r0, r3, #1
 453 005e C0B2     		uxtb	r0, r0
 454 0060 0700     		movs	r7, r0
 455 0062 5740     		eors	r7, r2
 456 0064 FFB2     		uxtb	r7, r7
ARM GAS  C:\Users\DMA\AppData\Local\Temp\cc8SfYXH.s 			page 9


 457 0066 1B06     		lsls	r3, r3, #24
 458 0068 40D4     		bmi	.L99
 459              	.L76:
 460 006a 4300     		lsls	r3, r0, #1
 461 006c DBB2     		uxtb	r3, r3
 462 006e 1F00     		movs	r7, r3
 463 0070 5740     		eors	r7, r2
 464 0072 FFB2     		uxtb	r7, r7
 465 0074 0006     		lsls	r0, r0, #24
 466 0076 41D4     		bmi	.L100
 467              	.L78:
 468 0078 5800     		lsls	r0, r3, #1
 469 007a C0B2     		uxtb	r0, r0
 470 007c 0700     		movs	r7, r0
 471 007e 5740     		eors	r7, r2
 472 0080 FFB2     		uxtb	r7, r7
 473 0082 1B06     		lsls	r3, r3, #24
 474 0084 42D4     		bmi	.L101
 475              	.L80:
 476 0086 4300     		lsls	r3, r0, #1
 477 0088 DBB2     		uxtb	r3, r3
 478 008a 1F00     		movs	r7, r3
 479 008c 5740     		eors	r7, r2
 480 008e FFB2     		uxtb	r7, r7
 481 0090 0006     		lsls	r0, r0, #24
 482 0092 43D4     		bmi	.L102
 483              	.L82:
 484 0094 5800     		lsls	r0, r3, #1
 485 0096 C0B2     		uxtb	r0, r0
 486 0098 0700     		movs	r7, r0
 487 009a 5740     		eors	r7, r2
 488 009c FFB2     		uxtb	r7, r7
 489 009e 1B06     		lsls	r3, r3, #24
 490 00a0 44D4     		bmi	.L103
 491              	.L84:
 492 00a2 4300     		lsls	r3, r0, #1
 493 00a4 DBB2     		uxtb	r3, r3
 494 00a6 1F00     		movs	r7, r3
 495 00a8 5740     		eors	r7, r2
 496 00aa FFB2     		uxtb	r7, r7
 497 00ac 0006     		lsls	r0, r0, #24
 498 00ae 45D4     		bmi	.L104
 499              	.L86:
 500 00b0 0131     		adds	r1, r1, #1
 501 00b2 D8B2     		uxtb	r0, r3
 502 00b4 8C42     		cmp	r4, r1
 503 00b6 46D0     		beq	.L105
 504              	.L87:
 505 00b8 0B78     		ldrb	r3, [r1]
 506 00ba 4340     		eors	r3, r0
 507 00bc 58B2     		sxtb	r0, r3
 508 00be 5B00     		lsls	r3, r3, #1
 509 00c0 DBB2     		uxtb	r3, r3
 510 00c2 1F00     		movs	r7, r3
 511 00c4 5740     		eors	r7, r2
 512 00c6 FFB2     		uxtb	r7, r7
 513 00c8 0028     		cmp	r0, #0
ARM GAS  C:\Users\DMA\AppData\Local\Temp\cc8SfYXH.s 			page 10


 514 00ca BFDA     		bge	.L72
 515 00cc 3B1C     		adds	r3, r7, #0
 516 00ce 5800     		lsls	r0, r3, #1
 517 00d0 C0B2     		uxtb	r0, r0
 518 00d2 0700     		movs	r7, r0
 519 00d4 5740     		eors	r7, r2
 520 00d6 FFB2     		uxtb	r7, r7
 521 00d8 1B06     		lsls	r3, r3, #24
 522 00da BED5     		bpl	.L106
 523              	.L73:
 524 00dc 3B1C     		adds	r3, r7, #0
 525 00de 5800     		lsls	r0, r3, #1
 526 00e0 C0B2     		uxtb	r0, r0
 527 00e2 0700     		movs	r7, r0
 528 00e4 5740     		eors	r7, r2
 529 00e6 FFB2     		uxtb	r7, r7
 530 00e8 1B06     		lsls	r3, r3, #24
 531 00ea BED5     		bpl	.L76
 532              	.L99:
 533 00ec 381C     		adds	r0, r7, #0
 534 00ee 4300     		lsls	r3, r0, #1
 535 00f0 DBB2     		uxtb	r3, r3
 536 00f2 1F00     		movs	r7, r3
 537 00f4 5740     		eors	r7, r2
 538 00f6 FFB2     		uxtb	r7, r7
 539 00f8 0006     		lsls	r0, r0, #24
 540 00fa BDD5     		bpl	.L78
 541              	.L100:
 542 00fc 3B1C     		adds	r3, r7, #0
 543 00fe 5800     		lsls	r0, r3, #1
 544 0100 C0B2     		uxtb	r0, r0
 545 0102 0700     		movs	r7, r0
 546 0104 5740     		eors	r7, r2
 547 0106 FFB2     		uxtb	r7, r7
 548 0108 1B06     		lsls	r3, r3, #24
 549 010a BCD5     		bpl	.L80
 550              	.L101:
 551 010c 381C     		adds	r0, r7, #0
 552 010e 4300     		lsls	r3, r0, #1
 553 0110 DBB2     		uxtb	r3, r3
 554 0112 1F00     		movs	r7, r3
 555 0114 5740     		eors	r7, r2
 556 0116 FFB2     		uxtb	r7, r7
 557 0118 0006     		lsls	r0, r0, #24
 558 011a BBD5     		bpl	.L82
 559              	.L102:
 560 011c 3B1C     		adds	r3, r7, #0
 561 011e 5800     		lsls	r0, r3, #1
 562 0120 C0B2     		uxtb	r0, r0
 563 0122 0700     		movs	r7, r0
 564 0124 5740     		eors	r7, r2
 565 0126 FFB2     		uxtb	r7, r7
 566 0128 1B06     		lsls	r3, r3, #24
 567 012a BAD5     		bpl	.L84
 568              	.L103:
 569 012c 381C     		adds	r0, r7, #0
 570 012e 4300     		lsls	r3, r0, #1
ARM GAS  C:\Users\DMA\AppData\Local\Temp\cc8SfYXH.s 			page 11


 571 0130 DBB2     		uxtb	r3, r3
 572 0132 1F00     		movs	r7, r3
 573 0134 5740     		eors	r7, r2
 574 0136 FFB2     		uxtb	r7, r7
 575 0138 0006     		lsls	r0, r0, #24
 576 013a B9D5     		bpl	.L86
 577              	.L104:
 578 013c 3B1C     		adds	r3, r7, #0
 579 013e 0131     		adds	r1, r1, #1
 580 0140 D8B2     		uxtb	r0, r3
 581 0142 8C42     		cmp	r4, r1
 582 0144 B8D1     		bne	.L87
 583              	.L105:
 584 0146 5B46     		mov	r3, fp
 585 0148 D867     		str	r0, [r3, #124]
 586 014a F003     		lsls	r0, r6, #15
 587 014c 5946     		mov	r1, fp
 588 014e C00D     		lsrs	r0, r0, #23
 589 0150 FFF7FEFF 		bl	CySysFlashWriteRow
 590 0154 2B68     		ldr	r3, [r5]
 591 0156 AA69     		ldr	r2, [r5, #24]
 592 0158 5946     		mov	r1, fp
 593 015a 981A     		subs	r0, r3, r2
 594 015c 8019     		adds	r0, r0, r6
 595 015e C003     		lsls	r0, r0, #15
 596 0160 C00D     		lsrs	r0, r0, #23
 597 0162 FFF7FEFF 		bl	CySysFlashWriteRow
 598 0166 431E     		subs	r3, r0, #1
 599 0168 9841     		sbcs	r0, r0, r3
 600 016a 4346     		mov	r3, r8
 601 016c 8000     		lsls	r0, r0, #2
 602 016e 002B     		cmp	r3, #0
 603 0170 01D0     		beq	.L89
 604 0172 0136     		adds	r6, r6, #1
 605 0174 FF36     		adds	r6, r6, #255
 606              	.L89:
 607 0176 2B68     		ldr	r3, [r5]
 608 0178 9E42     		cmp	r6, r3
 609 017a 00D3     		bcc	.L90
 610 017c AE69     		ldr	r6, [r5, #24]
 611              	.L90:
 612 017e 2A69     		ldr	r2, [r5, #16]
 613 0180 6B68     		ldr	r3, [r5, #4]
 614 0182 5146     		mov	r1, r10
 615 0184 5343     		muls	r3, r2
 616 0186 4246     		mov	r2, r8
 617 0188 521A     		subs	r2, r2, r1
 618 018a 9342     		cmp	r3, r2
 619 018c 00D9     		bls	.LCB652
 620 018e 4CE7     		b	.L91	@long jump
 621              	.LCB652:
 622              	.L70:
 623 0190 41B0     		add	sp, sp, #260
 624              		@ sp needed
 625 0192 3CBC     		pop	{r2, r3, r4, r5}
 626 0194 9046     		mov	r8, r2
 627 0196 9946     		mov	r9, r3
ARM GAS  C:\Users\DMA\AppData\Local\Temp\cc8SfYXH.s 			page 12


 628 0198 A246     		mov	r10, r4
 629 019a AB46     		mov	fp, r5
 630 019c F0BD     		pop	{r4, r5, r6, r7, pc}
 631              	.L92:
 632 019e 0120     		movs	r0, #1
 633 01a0 F6E7     		b	.L70
 634              		.size	FillChecksum, .-FillChecksum
 635 01a2 C046     		.section	.text.Cy_Em_EEPROM_Init,"ax",%progbits
 636              		.align	2
 637              		.global	Cy_Em_EEPROM_Init
 638              		.code	16
 639              		.thumb_func
 640              		.type	Cy_Em_EEPROM_Init, %function
 641              	Cy_Em_EEPROM_Init:
 642              		@ args = 0, pretend = 0, frame = 0
 643              		@ frame_needed = 0, uses_anonymous_args = 0
 644 0000 F8B5     		push	{r3, r4, r5, r6, r7, lr}
 645 0002 0200     		movs	r2, r0
 646 0004 0C1E     		subs	r4, r1, #0
 647 0006 4CD0     		beq	.L118
 648 0008 0028     		cmp	r0, #0
 649 000a 4AD0     		beq	.L118
 650 000c C368     		ldr	r3, [r0, #12]
 651 000e 002B     		cmp	r3, #0
 652 0010 47D0     		beq	.L118
 653 0012 4568     		ldr	r5, [r0, #4]
 654 0014 0120     		movs	r0, #1
 655 0016 0A2D     		cmp	r5, #10
 656 0018 42D8     		bhi	.L124
 657 001a 1168     		ldr	r1, [r2]
 658 001c 0029     		cmp	r1, #0
 659 001e 3FD0     		beq	.L124
 660 0020 7E30     		adds	r0, r0, #126
 661 0022 0600     		movs	r6, r0
 662 0024 0E40     		ands	r6, r1
 663 0026 771E     		subs	r7, r6, #1
 664 0028 BE41     		sbcs	r6, r6, r7
 665 002a B446     		mov	ip, r6
 666 002c 167A     		ldrb	r6, [r2, #8]
 667 002e CF09     		lsrs	r7, r1, #7
 668 0030 BC44     		add	ip, ip, r7
 669 0032 0136     		adds	r6, r6, #1
 670 0034 2F02     		lsls	r7, r5, #8
 671 0036 7E43     		muls	r6, r7
 672 0038 6746     		mov	r7, ip
 673 003a 7E43     		muls	r6, r7
 674 003c F318     		adds	r3, r6, r3
 675 003e 8026     		movs	r6, #128
 676 0040 F602     		lsls	r6, r6, #11
 677 0042 B342     		cmp	r3, r6
 678 0044 2FD8     		bhi	.L139
 679 0046 E160     		str	r1, [r4, #12]
 680 0048 2561     		str	r5, [r4, #16]
 681 004a 167A     		ldrb	r6, [r2, #8]
 682 004c 2675     		strb	r6, [r4, #20]
 683 004e 537A     		ldrb	r3, [r2, #9]
 684 0050 6375     		strb	r3, [r4, #21]
ARM GAS  C:\Users\DMA\AppData\Local\Temp\cc8SfYXH.s 			page 13


 685 0052 1168     		ldr	r1, [r2]
 686 0054 D368     		ldr	r3, [r2, #12]
 687 0056 0840     		ands	r0, r1
 688 0058 471E     		subs	r7, r0, #1
 689 005a B841     		sbcs	r0, r0, r7
 690 005c 5268     		ldr	r2, [r2, #4]
 691 005e C909     		lsrs	r1, r1, #7
 692 0060 4018     		adds	r0, r0, r1
 693 0062 1202     		lsls	r2, r2, #8
 694 0064 4243     		muls	r2, r0
 695 0066 6060     		str	r0, [r4, #4]
 696 0068 6843     		muls	r0, r5
 697 006a D218     		adds	r2, r2, r3
 698 006c 2260     		str	r2, [r4]
 699 006e A361     		str	r3, [r4, #24]
 700 0070 A360     		str	r3, [r4, #8]
 701 0072 0022     		movs	r2, #0
 702 0074 0025     		movs	r5, #0
 703 0076 0028     		cmp	r0, #0
 704 0078 0CD0     		beq	.L115
 705              	.L131:
 706 007a 1968     		ldr	r1, [r3]
 707 007c 0029     		cmp	r1, #0
 708 007e 03D0     		beq	.L110
 709 0080 A942     		cmp	r1, r5
 710 0082 01D9     		bls	.L110
 711 0084 0D00     		movs	r5, r1
 712 0086 A360     		str	r3, [r4, #8]
 713              	.L110:
 714 0088 0133     		adds	r3, r3, #1
 715 008a 0132     		adds	r2, r2, #1
 716 008c FF33     		adds	r3, r3, #255
 717 008e 8242     		cmp	r2, r0
 718 0090 F3D1     		bne	.L131
 719 0092 A368     		ldr	r3, [r4, #8]
 720              	.L115:
 721 0094 1B68     		ldr	r3, [r3]
 722 0096 0020     		movs	r0, #0
 723 0098 002B     		cmp	r3, #0
 724 009a 01D1     		bne	.L124
 725 009c 002E     		cmp	r6, #0
 726 009e 04D1     		bne	.L140
 727              	.L124:
 728              		@ sp needed
 729 00a0 F8BD     		pop	{r3, r4, r5, r6, r7, pc}
 730              	.L118:
 731 00a2 0120     		movs	r0, #1
 732 00a4 FCE7     		b	.L124
 733              	.L139:
 734 00a6 7C38     		subs	r0, r0, #124
 735 00a8 FAE7     		b	.L124
 736              	.L140:
 737 00aa 2000     		movs	r0, r4
 738 00ac FFF7FEFF 		bl	FillChecksum
 739 00b0 2569     		ldr	r5, [r4, #16]
 740 00b2 6268     		ldr	r2, [r4, #4]
 741 00b4 A369     		ldr	r3, [r4, #24]
ARM GAS  C:\Users\DMA\AppData\Local\Temp\cc8SfYXH.s 			page 14


 742 00b6 5543     		muls	r5, r2
 743 00b8 A360     		str	r3, [r4, #8]
 744 00ba 002D     		cmp	r5, #0
 745 00bc F0D0     		beq	.L124
 746 00be 0022     		movs	r2, #0
 747 00c0 0026     		movs	r6, #0
 748              	.L113:
 749 00c2 1968     		ldr	r1, [r3]
 750 00c4 0029     		cmp	r1, #0
 751 00c6 03D0     		beq	.L112
 752 00c8 B142     		cmp	r1, r6
 753 00ca 01D9     		bls	.L112
 754 00cc 0E00     		movs	r6, r1
 755 00ce A360     		str	r3, [r4, #8]
 756              	.L112:
 757 00d0 0133     		adds	r3, r3, #1
 758 00d2 0132     		adds	r2, r2, #1
 759 00d4 FF33     		adds	r3, r3, #255
 760 00d6 AA42     		cmp	r2, r5
 761 00d8 F3D1     		bne	.L113
 762 00da E1E7     		b	.L124
 763              		.size	Cy_Em_EEPROM_Init, .-Cy_Em_EEPROM_Init
 764              		.global	__aeabi_uidiv
 765              		.section	.text.Cy_Em_EEPROM_Read,"ax",%progbits
 766              		.align	2
 767              		.global	Cy_Em_EEPROM_Read
 768              		.code	16
 769              		.thumb_func
 770              		.type	Cy_Em_EEPROM_Read, %function
 771              	Cy_Em_EEPROM_Read:
 772              		@ args = 0, pretend = 0, frame = 24
 773              		@ frame_needed = 0, uses_anonymous_args = 0
 774 0000 F0B5     		push	{r4, r5, r6, r7, lr}
 775 0002 5F46     		mov	r7, fp
 776 0004 4D46     		mov	r5, r9
 777 0006 4446     		mov	r4, r8
 778 0008 5646     		mov	r6, r10
 779 000a F0B4     		push	{r4, r5, r6, r7}
 780 000c 89B0     		sub	sp, sp, #36
 781 000e 8146     		mov	r9, r0
 782 0010 0491     		str	r1, [sp, #16]
 783 0012 1700     		movs	r7, r2
 784 0014 1C00     		movs	r4, r3
 785 0016 0120     		movs	r0, #1
 786 0018 002A     		cmp	r2, #0
 787 001a 00D1     		bne	.LCB834
 788 001c 9CE0     		b	.L192	@long jump
 789              	.LCB834:
 790 001e 1300     		movs	r3, r2
 791 0020 E568     		ldr	r5, [r4, #12]
 792 0022 4B44     		add	r3, r3, r9
 793 0024 0693     		str	r3, [sp, #24]
 794 0026 AB42     		cmp	r3, r5
 795 0028 00D9     		bls	.LCB841
 796 002a 95E0     		b	.L192	@long jump
 797              	.LCB841:
 798 002c 0029     		cmp	r1, #0
ARM GAS  C:\Users\DMA\AppData\Local\Temp\cc8SfYXH.s 			page 15


 799 002e 00D1     		bne	.LCB843
 800 0030 92E0     		b	.L192	@long jump
 801              	.LCB843:
 802 0032 A268     		ldr	r2, [r4, #8]
 803 0034 013B     		subs	r3, r3, #1
 804 0036 9246     		mov	r10, r2
 805 0038 1268     		ldr	r2, [r2]
 806 003a DB09     		lsrs	r3, r3, #7
 807 003c 0592     		str	r2, [sp, #20]
 808 003e 4A46     		mov	r2, r9
 809 0040 D209     		lsrs	r2, r2, #7
 810 0042 801A     		subs	r0, r0, r2
 811 0044 1B18     		adds	r3, r3, r0
 812 0046 0293     		str	r3, [sp, #8]
 813 0048 A369     		ldr	r3, [r4, #24]
 814 004a 6568     		ldr	r5, [r4, #4]
 815 004c 9846     		mov	r8, r3
 816 004e 5346     		mov	r3, r10
 817 0050 4246     		mov	r2, r8
 818 0052 2E02     		lsls	r6, r5, #8
 819 0054 3100     		movs	r1, r6
 820 0056 981A     		subs	r0, r3, r2
 821 0058 FFF7FEFF 		bl	__aeabi_uidiv
 822 005c 4643     		muls	r6, r0
 823 005e 4644     		add	r6, r6, r8
 824 0060 002D     		cmp	r5, #0
 825 0062 00D1     		bne	.LCB867
 826 0064 81E0     		b	.L143	@long jump
 827              	.LCB867:
 828 0066 A446     		mov	ip, r4
 829 0068 0123     		movs	r3, #1
 830 006a 0022     		movs	r2, #0
 831 006c 4846     		mov	r0, r9
 832 006e 2C00     		movs	r4, r5
 833 0070 05E0     		b	.L174
 834              	.L184:
 835 0072 1900     		movs	r1, r3
 836 0074 8032     		adds	r2, r2, #128
 837 0076 0133     		adds	r3, r3, #1
 838 0078 8C42     		cmp	r4, r1
 839 007a 00D8     		bhi	.LCB881
 840 007c 73E0     		b	.L210	@long jump
 841              	.LCB881:
 842              	.L174:
 843 007e 591E     		subs	r1, r3, #1
 844 0080 9042     		cmp	r0, r2
 845 0082 F6D3     		bcc	.L184
 846 0084 1500     		movs	r5, r2
 847 0086 7F35     		adds	r5, r5, #127
 848 0088 A842     		cmp	r0, r5
 849 008a F2D8     		bhi	.L184
 850 008c 6446     		mov	r4, ip
 851 008e 5346     		mov	r3, r10
 852 0090 2269     		ldr	r2, [r4, #16]
 853 0092 9B1B     		subs	r3, r3, r6
 854 0094 1B0A     		lsrs	r3, r3, #8
 855 0096 8846     		mov	r8, r1
ARM GAS  C:\Users\DMA\AppData\Local\Temp\cc8SfYXH.s 			page 16


 856 0098 8146     		mov	r9, r0
 857 009a 0393     		str	r3, [sp, #12]
 858 009c 012A     		cmp	r2, #1
 859 009e 57D9     		bls	.L146
 860 00a0 8B42     		cmp	r3, r1
 861 00a2 00D3     		bcc	.LCB902
 862 00a4 11E1     		b	.L211	@long jump
 863              	.LCB902:
 864 00a6 029B     		ldr	r3, [sp, #8]
 865 00a8 002B     		cmp	r3, #0
 866 00aa 54D0     		beq	.L209
 867              	.L148:
 868 00ac 0022     		movs	r2, #0
 869 00ae 9246     		mov	r10, r2
 870 00b0 4A46     		mov	r2, r9
 871 00b2 4346     		mov	r3, r8
 872 00b4 0792     		str	r2, [sp, #28]
 873 00b6 3A00     		movs	r2, r7
 874 00b8 1B02     		lsls	r3, r3, #8
 875 00ba 9E19     		adds	r6, r3, r6
 876 00bc 049B     		ldr	r3, [sp, #16]
 877 00be CB46     		mov	fp, r9
 878 00c0 3700     		movs	r7, r6
 879 00c2 A146     		mov	r9, r4
 880 00c4 5646     		mov	r6, r10
 881 00c6 4446     		mov	r4, r8
 882 00c8 9246     		mov	r10, r2
 883 00ca 9846     		mov	r8, r3
 884 00cc 17E0     		b	.L159
 885              	.L213:
 886 00ce 4B46     		mov	r3, r9
 887 00d0 9B69     		ldr	r3, [r3, #24]
 888 00d2 4146     		mov	r1, r8
 889 00d4 0193     		str	r3, [sp, #4]
 890 00d6 4B46     		mov	r3, r9
 891 00d8 1B68     		ldr	r3, [r3]
 892 00da 0093     		str	r3, [sp]
 893 00dc 2B00     		movs	r3, r5
 894 00de FFF7FEFF 		bl	CheckCrcAndCopy.isra.2
 895 00e2 0028     		cmp	r0, #0
 896 00e4 38D1     		bne	.L192
 897              	.L158:
 898 00e6 5346     		mov	r3, r10
 899 00e8 5B1B     		subs	r3, r3, r5
 900 00ea 9A46     		mov	r10, r3
 901 00ec 029B     		ldr	r3, [sp, #8]
 902 00ee 0137     		adds	r7, r7, #1
 903 00f0 AB44     		add	fp, fp, r5
 904 00f2 A844     		add	r8, r8, r5
 905 00f4 0134     		adds	r4, r4, #1
 906 00f6 FF37     		adds	r7, r7, #255
 907 00f8 B342     		cmp	r3, r6
 908 00fa 00D1     		bne	.LCB955
 909 00fc E1E0     		b	.L212	@long jump
 910              	.LCB955:
 911              	.L159:
 912 00fe 5B46     		mov	r3, fp
ARM GAS  C:\Users\DMA\AppData\Local\Temp\cc8SfYXH.s 			page 17


 913 0100 7F25     		movs	r5, #127
 914 0102 1D40     		ands	r5, r3
 915 0104 2A00     		movs	r2, r5
 916 0106 029B     		ldr	r3, [sp, #8]
 917 0108 0136     		adds	r6, r6, #1
 918 010a 8032     		adds	r2, r2, #128
 919 010c B342     		cmp	r3, r6
 920 010e 00D8     		bhi	.LCB965
 921 0110 E1E0     		b	.L187	@long jump
 922              	.LCB965:
 923 0112 8023     		movs	r3, #128
 924 0114 5D1B     		subs	r5, r3, r5
 925              	.L155:
 926 0116 039B     		ldr	r3, [sp, #12]
 927 0118 3800     		movs	r0, r7
 928 011a 9C42     		cmp	r4, r3
 929 011c 0CD9     		bls	.L156
 930 011e 4B46     		mov	r3, r9
 931 0120 4946     		mov	r1, r9
 932 0122 5B68     		ldr	r3, [r3, #4]
 933 0124 8969     		ldr	r1, [r1, #24]
 934 0126 1802     		lsls	r0, r3, #8
 935 0128 381A     		subs	r0, r7, r0
 936 012a 8842     		cmp	r0, r1
 937 012c 04D2     		bcs	.L156
 938 012e 4946     		mov	r1, r9
 939 0130 181B     		subs	r0, r3, r4
 940 0132 0968     		ldr	r1, [r1]
 941 0134 0302     		lsls	r3, r0, #8
 942 0136 C81A     		subs	r0, r1, r3
 943              	.L156:
 944 0138 4B46     		mov	r3, r9
 945 013a 1B7D     		ldrb	r3, [r3, #20]
 946 013c 002B     		cmp	r3, #0
 947 013e C6D1     		bne	.L213
 948 0140 8118     		adds	r1, r0, r2
 949 0142 2A00     		movs	r2, r5
 950 0144 4046     		mov	r0, r8
 951 0146 FFF7FEFF 		bl	memcpy
 952 014a CCE7     		b	.L158
 953              	.L214:
 954 014c 0023     		movs	r3, #0
 955 014e 9846     		mov	r8, r3
 956              	.L146:
 957 0150 029B     		ldr	r3, [sp, #8]
 958 0152 002B     		cmp	r3, #0
 959 0154 1BD1     		bne	.L178
 960              	.L209:
 961 0156 0120     		movs	r0, #1
 962              	.L192:
 963 0158 09B0     		add	sp, sp, #36
 964              		@ sp needed
 965 015a 3CBC     		pop	{r2, r3, r4, r5}
 966 015c 9046     		mov	r8, r2
 967 015e 9946     		mov	r9, r3
 968 0160 A246     		mov	r10, r4
 969 0162 AB46     		mov	fp, r5
ARM GAS  C:\Users\DMA\AppData\Local\Temp\cc8SfYXH.s 			page 18


 970 0164 F0BD     		pop	{r4, r5, r6, r7, pc}
 971              	.L210:
 972 0166 8146     		mov	r9, r0
 973 0168 6446     		mov	r4, ip
 974              	.L143:
 975 016a 5346     		mov	r3, r10
 976 016c 9B1B     		subs	r3, r3, r6
 977 016e 1B0A     		lsrs	r3, r3, #8
 978 0170 0393     		str	r3, [sp, #12]
 979 0172 2369     		ldr	r3, [r4, #16]
 980 0174 012B     		cmp	r3, #1
 981 0176 E9D9     		bls	.L214
 982 0178 0022     		movs	r2, #0
 983 017a 9046     		mov	r8, r2
 984 017c 029B     		ldr	r3, [sp, #8]
 985 017e 013B     		subs	r3, r3, #1
 986              	.L175:
 987 0180 029A     		ldr	r2, [sp, #8]
 988 0182 002A     		cmp	r2, #0
 989 0184 E7D0     		beq	.L209
 990 0186 039A     		ldr	r2, [sp, #12]
 991 0188 9A42     		cmp	r2, r3
 992 018a 00D2     		bcs	.LCB1054
 993 018c 8EE7     		b	.L148	@long jump
 994              	.LCB1054:
 995              	.L178:
 996 018e 4346     		mov	r3, r8
 997 0190 1B02     		lsls	r3, r3, #8
 998 0192 9E19     		adds	r6, r3, r6
 999 0194 049B     		ldr	r3, [sp, #16]
 1000 0196 CA46     		mov	r10, r9
 1001 0198 9B46     		mov	fp, r3
 1002 019a 0023     		movs	r3, #0
 1003 019c 9846     		mov	r8, r3
 1004 019e 4B46     		mov	r3, r9
 1005 01a0 0393     		str	r3, [sp, #12]
 1006 01a2 029B     		ldr	r3, [sp, #8]
 1007 01a4 3A00     		movs	r2, r7
 1008 01a6 9946     		mov	r9, r3
 1009 01a8 2300     		movs	r3, r4
 1010 01aa 5746     		mov	r7, r10
 1011 01ac 3400     		movs	r4, r6
 1012 01ae 9246     		mov	r10, r2
 1013 01b0 4646     		mov	r6, r8
 1014 01b2 9846     		mov	r8, r3
 1015 01b4 0DE0     		b	.L153
 1016              	.L216:
 1017 01b6 A118     		adds	r1, r4, r2
 1018 01b8 5846     		mov	r0, fp
 1019 01ba 2A00     		movs	r2, r5
 1020 01bc FFF7FEFF 		bl	memcpy
 1021              	.L151:
 1022 01c0 5346     		mov	r3, r10
 1023 01c2 0134     		adds	r4, r4, #1
 1024 01c4 5B1B     		subs	r3, r3, r5
 1025 01c6 7F19     		adds	r7, r7, r5
 1026 01c8 9A46     		mov	r10, r3
ARM GAS  C:\Users\DMA\AppData\Local\Temp\cc8SfYXH.s 			page 19


 1027 01ca AB44     		add	fp, fp, r5
 1028 01cc FF34     		adds	r4, r4, #255
 1029 01ce B145     		cmp	r9, r6
 1030 01d0 1AD0     		beq	.L215
 1031              	.L153:
 1032 01d2 7F25     		movs	r5, #127
 1033 01d4 3D40     		ands	r5, r7
 1034 01d6 2A00     		movs	r2, r5
 1035 01d8 0136     		adds	r6, r6, #1
 1036 01da 8032     		adds	r2, r2, #128
 1037 01dc B145     		cmp	r9, r6
 1038 01de 78D9     		bls	.L186
 1039 01e0 8023     		movs	r3, #128
 1040 01e2 5D1B     		subs	r5, r3, r5
 1041              	.L149:
 1042 01e4 4346     		mov	r3, r8
 1043 01e6 1B7D     		ldrb	r3, [r3, #20]
 1044 01e8 002B     		cmp	r3, #0
 1045 01ea E4D0     		beq	.L216
 1046 01ec 4346     		mov	r3, r8
 1047 01ee 9B69     		ldr	r3, [r3, #24]
 1048 01f0 5946     		mov	r1, fp
 1049 01f2 0193     		str	r3, [sp, #4]
 1050 01f4 4346     		mov	r3, r8
 1051 01f6 1B68     		ldr	r3, [r3]
 1052 01f8 2000     		movs	r0, r4
 1053 01fa 0093     		str	r3, [sp]
 1054 01fc 2B00     		movs	r3, r5
 1055 01fe FFF7FEFF 		bl	CheckCrcAndCopy.isra.2
 1056 0202 0028     		cmp	r0, #0
 1057 0204 DCD0     		beq	.L151
 1058 0206 A7E7     		b	.L192
 1059              	.L215:
 1060 0208 039B     		ldr	r3, [sp, #12]
 1061 020a 4446     		mov	r4, r8
 1062 020c 9946     		mov	r9, r3
 1063              	.L154:
 1064 020e 059B     		ldr	r3, [sp, #20]
 1065 0210 002B     		cmp	r3, #0
 1066 0212 46D0     		beq	.L173
 1067 0214 1900     		movs	r1, r3
 1068 0216 5E1C     		adds	r6, r3, #1
 1069 0218 6368     		ldr	r3, [r4, #4]
 1070 021a 8B42     		cmp	r3, r1
 1071 021c 00D9     		bls	.L160
 1072 021e 0B00     		movs	r3, r1
 1073              	.L160:
 1074 0220 F61A     		subs	r6, r6, r3
 1075 0222 0C23     		movs	r3, #12
 1076 0224 4B44     		add	r3, r3, r9
 1077 0226 9A46     		mov	r10, r3
 1078 0228 059B     		ldr	r3, [sp, #20]
 1079 022a B342     		cmp	r3, r6
 1080 022c 39D3     		bcc	.L173
 1081 022e 9846     		mov	r8, r3
 1082 0230 5346     		mov	r3, r10
 1083 0232 0393     		str	r3, [sp, #12]
ARM GAS  C:\Users\DMA\AppData\Local\Temp\cc8SfYXH.s 			page 20


 1084 0234 069B     		ldr	r3, [sp, #24]
 1085 0236 9A46     		mov	r10, r3
 1086              	.L196:
 1087 0238 A169     		ldr	r1, [r4, #24]
 1088 023a 2768     		ldr	r7, [r4]
 1089 023c 0D00     		movs	r5, r1
 1090 023e 03E0     		b	.L162
 1091              	.L164:
 1092 0240 0135     		adds	r5, r5, #1
 1093 0242 FF35     		adds	r5, r5, #255
 1094 0244 AF42     		cmp	r7, r5
 1095 0246 29D9     		bls	.L163
 1096              	.L162:
 1097 0248 2B68     		ldr	r3, [r5]
 1098 024a 9E42     		cmp	r6, r3
 1099 024c F8D1     		bne	.L164
 1100 024e 002D     		cmp	r5, #0
 1101 0250 24D0     		beq	.L163
 1102 0252 6B68     		ldr	r3, [r5, #4]
 1103 0254 AA68     		ldr	r2, [r5, #8]
 1104 0256 9818     		adds	r0, r3, r2
 1105 0258 9945     		cmp	r9, r3
 1106 025a 24D2     		bcs	.L166
 1107 025c 9A45     		cmp	r10, r3
 1108 025e 1DD9     		bls	.L163
 1109 0260 4A46     		mov	r2, r9
 1110 0262 9A1A     		subs	r2, r3, r2
 1111 0264 9446     		mov	ip, r2
 1112 0266 0C22     		movs	r2, #12
 1113 0268 0292     		str	r2, [sp, #8]
 1114              	.L168:
 1115 026a D346     		mov	fp, r10
 1116 026c 8245     		cmp	r10, r0
 1117 026e 00D9     		bls	.L169
 1118 0270 8346     		mov	fp, r0
 1119              	.L169:
 1120 0272 4846     		mov	r0, r9
 1121 0274 9945     		cmp	r9, r3
 1122 0276 00D2     		bcs	.L170
 1123 0278 1800     		movs	r0, r3
 1124              	.L170:
 1125 027a 5B46     		mov	r3, fp
 1126 027c 227D     		ldrb	r2, [r4, #20]
 1127 027e 1B1A     		subs	r3, r3, r0
 1128 0280 0498     		ldr	r0, [sp, #16]
 1129 0282 6044     		add	r0, r0, ip
 1130 0284 002A     		cmp	r2, #0
 1131 0286 16D0     		beq	.L171
 1132 0288 0191     		str	r1, [sp, #4]
 1133 028a 0097     		str	r7, [sp]
 1134 028c 0100     		movs	r1, r0
 1135 028e 029A     		ldr	r2, [sp, #8]
 1136 0290 2800     		movs	r0, r5
 1137 0292 FFF7FEFF 		bl	CheckCrcAndCopy.isra.2
 1138 0296 0028     		cmp	r0, #0
 1139 0298 00D0     		beq	.LCB1221
 1140 029a 5DE7     		b	.L192	@long jump
ARM GAS  C:\Users\DMA\AppData\Local\Temp\cc8SfYXH.s 			page 21


 1141              	.LCB1221:
 1142              	.L163:
 1143 029c 0136     		adds	r6, r6, #1
 1144 029e B045     		cmp	r8, r6
 1145 02a0 CAD2     		bcs	.L196
 1146              	.L173:
 1147 02a2 0020     		movs	r0, #0
 1148 02a4 58E7     		b	.L192
 1149              	.L166:
 1150 02a6 8145     		cmp	r9, r0
 1151 02a8 F8D2     		bcs	.L163
 1152 02aa 039A     		ldr	r2, [sp, #12]
 1153 02ac D21A     		subs	r2, r2, r3
 1154 02ae 0292     		str	r2, [sp, #8]
 1155 02b0 0022     		movs	r2, #0
 1156 02b2 9446     		mov	ip, r2
 1157 02b4 D9E7     		b	.L168
 1158              	.L171:
 1159 02b6 029A     		ldr	r2, [sp, #8]
 1160 02b8 A918     		adds	r1, r5, r2
 1161 02ba 1A00     		movs	r2, r3
 1162 02bc FFF7FEFF 		bl	memcpy
 1163 02c0 ECE7     		b	.L163
 1164              	.L212:
 1165 02c2 079B     		ldr	r3, [sp, #28]
 1166 02c4 4C46     		mov	r4, r9
 1167 02c6 9946     		mov	r9, r3
 1168 02c8 A1E7     		b	.L154
 1169              	.L211:
 1170 02ca 029B     		ldr	r3, [sp, #8]
 1171 02cc 013B     		subs	r3, r3, #1
 1172 02ce 4344     		add	r3, r3, r8
 1173 02d0 56E7     		b	.L175
 1174              	.L186:
 1175 02d2 5546     		mov	r5, r10
 1176 02d4 86E7     		b	.L149
 1177              	.L187:
 1178 02d6 5546     		mov	r5, r10
 1179 02d8 1DE7     		b	.L155
 1180              		.size	Cy_Em_EEPROM_Read, .-Cy_Em_EEPROM_Read
 1181              		.global	__aeabi_uidivmod
 1182 02da C046     		.section	.text.Cy_Em_EEPROM_Write,"ax",%progbits
 1183              		.align	2
 1184              		.global	Cy_Em_EEPROM_Write
 1185              		.code	16
 1186              		.thumb_func
 1187              		.type	Cy_Em_EEPROM_Write, %function
 1188              	Cy_Em_EEPROM_Write:
 1189              		@ args = 0, pretend = 0, frame = 296
 1190              		@ frame_needed = 0, uses_anonymous_args = 0
 1191 0000 F0B5     		push	{r4, r5, r6, r7, lr}
 1192 0002 4446     		mov	r4, r8
 1193 0004 5F46     		mov	r7, fp
 1194 0006 5646     		mov	r6, r10
 1195 0008 4D46     		mov	r5, r9
 1196 000a F0B4     		push	{r4, r5, r6, r7}
 1197 000c CBB0     		sub	sp, sp, #300
ARM GAS  C:\Users\DMA\AppData\Local\Temp\cc8SfYXH.s 			page 22


 1198 000e 8446     		mov	ip, r0
 1199 0010 0690     		str	r0, [sp, #24]
 1200 0012 9846     		mov	r8, r3
 1201 0014 0792     		str	r2, [sp, #28]
 1202 0016 0120     		movs	r0, #1
 1203 0018 131E     		subs	r3, r2, #0
 1204 001a 00D1     		bne	.LCB1292
 1205 001c 5AE1     		b	.L282	@long jump
 1206              	.LCB1292:
 1207 001e 4446     		mov	r4, r8
 1208 0020 E468     		ldr	r4, [r4, #12]
 1209 0022 6344     		add	r3, r3, ip
 1210 0024 A342     		cmp	r3, r4
 1211 0026 00D9     		bls	.LCB1298
 1212 0028 54E1     		b	.L282	@long jump
 1213              	.LCB1298:
 1214 002a 0029     		cmp	r1, #0
 1215 002c 00D1     		bne	.LCB1300
 1216 002e 51E1     		b	.L282	@long jump
 1217              	.LCB1300:
 1218 0030 4346     		mov	r3, r8
 1219 0032 9B68     		ldr	r3, [r3, #8]
 1220 0034 0491     		str	r1, [sp, #16]
 1221 0036 501E     		subs	r0, r2, #1
 1222 0038 7021     		movs	r1, #112
 1223 003a 0093     		str	r3, [sp]
 1224 003c FFF7FEFF 		bl	__aeabi_uidiv
 1225 0040 0300     		movs	r3, r0
 1226 0042 0133     		adds	r3, r3, #1
 1227 0044 0993     		str	r3, [sp, #36]
 1228 0046 0023     		movs	r3, #0
 1229 0048 0393     		str	r3, [sp, #12]
 1230 004a 9B46     		mov	fp, r3
 1231 004c 0293     		str	r3, [sp, #8]
 1232 004e 0593     		str	r3, [sp, #20]
 1233 0050 0AAB     		add	r3, sp, #40
 1234 0052 9A46     		mov	r10, r3
 1235 0054 0890     		str	r0, [sp, #32]
 1236              	.L260:
 1237 0056 009B     		ldr	r3, [sp]
 1238 0058 1E68     		ldr	r6, [r3]
 1239 005a 002E     		cmp	r6, #0
 1240 005c 02D0     		beq	.L219
 1241 005e 0133     		adds	r3, r3, #1
 1242 0060 FF33     		adds	r3, r3, #255
 1243 0062 0093     		str	r3, [sp]
 1244              	.L219:
 1245 0064 4346     		mov	r3, r8
 1246 0066 009A     		ldr	r2, [sp]
 1247 0068 1B68     		ldr	r3, [r3]
 1248 006a 9342     		cmp	r3, r2
 1249 006c 02D8     		bhi	.L220
 1250 006e 4346     		mov	r3, r8
 1251 0070 9B69     		ldr	r3, [r3, #24]
 1252 0072 0093     		str	r3, [sp]
 1253              	.L220:
 1254 0074 4346     		mov	r3, r8
ARM GAS  C:\Users\DMA\AppData\Local\Temp\cc8SfYXH.s 			page 23


 1255 0076 5C68     		ldr	r4, [r3, #4]
 1256 0078 A642     		cmp	r6, r4
 1257 007a 00D2     		bcs	.LCB1346
 1258 007c 76E1     		b	.L221	@long jump
 1259              	.LCB1346:
 1260 007e 1A69     		ldr	r2, [r3, #16]
 1261 0080 012A     		cmp	r2, #1
 1262 0082 00D8     		bhi	.LCB1349
 1263 0084 8DE1     		b	.L272	@long jump
 1264              	.LCB1349:
 1265 0086 4046     		mov	r0, r8
 1266 0088 0099     		ldr	r1, [sp]
 1267 008a 8069     		ldr	r0, [r0, #24]
 1268 008c 2302     		lsls	r3, r4, #8
 1269 008e CD1A     		subs	r5, r1, r3
 1270 0090 8542     		cmp	r5, r0
 1271 0092 04D2     		bcs	.L222
 1272 0094 8C46     		mov	ip, r1
 1273 0096 CB48     		ldr	r0, .L304
 1274 0098 1518     		adds	r5, r2, r0
 1275 009a 5D43     		muls	r5, r3
 1276 009c 6544     		add	r5, r5, ip
 1277              	.L222:
 1278 009e 8022     		movs	r2, #128
 1279 00a0 0021     		movs	r1, #0
 1280 00a2 5200     		lsls	r2, r2, #1
 1281 00a4 5046     		mov	r0, r10
 1282 00a6 FFF7FEFF 		bl	memset
 1283 00aa 731C     		adds	r3, r6, #1
 1284 00ac 9946     		mov	r9, r3
 1285 00ae 0AAB     		add	r3, sp, #40
 1286 00b0 9A46     		mov	r10, r3
 1287 00b2 4B46     		mov	r3, r9
 1288 00b4 0A93     		str	r3, [sp, #40]
 1289 00b6 5346     		mov	r3, r10
 1290 00b8 069A     		ldr	r2, [sp, #24]
 1291 00ba 0499     		ldr	r1, [sp, #16]
 1292 00bc 5A60     		str	r2, [r3, #4]
 1293 00be 089B     		ldr	r3, [sp, #32]
 1294 00c0 059A     		ldr	r2, [sp, #20]
 1295 00c2 9342     		cmp	r3, r2
 1296 00c4 00D1     		bne	.LCB1383
 1297 00c6 6EE1     		b	.L273	@long jump
 1298              	.LCB1383:
 1299              	.L267:
 1300 00c8 7022     		movs	r2, #112
 1301 00ca 079B     		ldr	r3, [sp, #28]
 1302 00cc 703B     		subs	r3, r3, #112
 1303 00ce 0793     		str	r3, [sp, #28]
 1304 00d0 069B     		ldr	r3, [sp, #24]
 1305 00d2 7033     		adds	r3, r3, #112
 1306 00d4 0693     		str	r3, [sp, #24]
 1307 00d6 049B     		ldr	r3, [sp, #16]
 1308 00d8 7033     		adds	r3, r3, #112
 1309 00da 0493     		str	r3, [sp, #16]
 1310              	.L223:
 1311 00dc 5346     		mov	r3, r10
ARM GAS  C:\Users\DMA\AppData\Local\Temp\cc8SfYXH.s 			page 24


 1312 00de 0DA8     		add	r0, sp, #52
 1313 00e0 9A60     		str	r2, [r3, #8]
 1314 00e2 FFF7FEFF 		bl	memcpy
 1315 00e6 002D     		cmp	r5, #0
 1316 00e8 00D0     		beq	.LCB1402
 1317 00ea 53E1     		b	.L293	@long jump
 1318              	.LCB1402:
 1319              	.L224:
 1320 00ec 0126     		movs	r6, #1
 1321 00ee 4C45     		cmp	r4, r9
 1322 00f0 01D2     		bcs	.L225
 1323 00f2 361B     		subs	r6, r6, r4
 1324 00f4 4E44     		add	r6, r6, r9
 1325              	.L225:
 1326 00f6 4E45     		cmp	r6, r9
 1327 00f8 00D9     		bls	.LCB1412
 1328 00fa D4E0     		b	.L226	@long jump
 1329              	.LCB1412:
 1330 00fc 0021     		movs	r1, #0
 1331 00fe 3125     		movs	r5, #49
 1332 0100 4AAF     		add	r7, sp, #296
 1333              	.L257:
 1334 0102 B145     		cmp	r9, r6
 1335 0104 00D1     		bne	.LCB1419
 1336 0106 58E1     		b	.L294	@long jump
 1337              	.LCB1419:
 1338 0108 4246     		mov	r2, r8
 1339 010a 4346     		mov	r3, r8
 1340 010c 9269     		ldr	r2, [r2, #24]
 1341 010e 1B68     		ldr	r3, [r3]
 1342 0110 1400     		movs	r4, r2
 1343 0112 04E0     		b	.L229
 1344              	.L231:
 1345 0114 0134     		adds	r4, r4, #1
 1346 0116 FF34     		adds	r4, r4, #255
 1347 0118 A342     		cmp	r3, r4
 1348 011a 00D8     		bhi	.LCB1432
 1349 011c E1E0     		b	.L230	@long jump
 1350              	.LCB1432:
 1351              	.L229:
 1352 011e 2068     		ldr	r0, [r4]
 1353 0120 B042     		cmp	r0, r6
 1354 0122 F7D1     		bne	.L231
 1355              	.L228:
 1356 0124 002C     		cmp	r4, #0
 1357 0126 00D1     		bne	.LCB1440
 1358 0128 DBE0     		b	.L230	@long jump
 1359              	.LCB1440:
 1360 012a 6368     		ldr	r3, [r4, #4]
 1361 012c 9B46     		mov	fp, r3
 1362 012e A368     		ldr	r3, [r4, #8]
 1363 0130 0193     		str	r3, [sp, #4]
 1364 0132 009B     		ldr	r3, [sp]
 1365 0134 981A     		subs	r0, r3, r2
 1366 0136 4346     		mov	r3, r8
 1367 0138 000A     		lsrs	r0, r0, #8
 1368 013a 5968     		ldr	r1, [r3, #4]
ARM GAS  C:\Users\DMA\AppData\Local\Temp\cc8SfYXH.s 			page 25


 1369 013c FFF7FEFF 		bl	__aeabi_uidivmod
 1370 0140 C901     		lsls	r1, r1, #7
 1371 0142 5945     		cmp	r1, fp
 1372 0144 00D9     		bls	.LCB1453
 1373 0146 D3E0     		b	.L232	@long jump
 1374              	.LCB1453:
 1375 0148 0A00     		movs	r2, r1
 1376 014a 7F32     		adds	r2, r2, #127
 1377 014c 9345     		cmp	fp, r2
 1378 014e 00D9     		bls	.LCB1457
 1379 0150 CEE0     		b	.L232	@long jump
 1380              	.LCB1457:
 1381 0152 7F23     		movs	r3, #127
 1382 0154 5846     		mov	r0, fp
 1383 0156 0340     		ands	r3, r0
 1384 0158 8033     		adds	r3, r3, #128
 1385 015a 0293     		str	r3, [sp, #8]
 1386 015c 019B     		ldr	r3, [sp, #4]
 1387 015e 5B44     		add	r3, r3, fp
 1388 0160 9942     		cmp	r1, r3
 1389 0162 00D9     		bls	.LCB1466
 1390 0164 E3E0     		b	.L291	@long jump
 1391              	.LCB1466:
 1392 0166 9A42     		cmp	r2, r3
 1393 0168 00D2     		bcs	.LCB1468
 1394 016a E0E0     		b	.L291	@long jump
 1395              	.LCB1468:
 1396 016c 029A     		ldr	r2, [sp, #8]
 1397 016e 019B     		ldr	r3, [sp, #4]
 1398 0170 9446     		mov	ip, r2
 1399 0172 6344     		add	r3, r3, ip
 1400 0174 0393     		str	r3, [sp, #12]
 1401 0176 0023     		movs	r3, #0
 1402 0178 9B46     		mov	fp, r3
 1403              	.L235:
 1404 017a 0399     		ldr	r1, [sp, #12]
 1405 017c 1300     		movs	r3, r2
 1406 017e 5C44     		add	r4, r4, fp
 1407 0180 8A1A     		subs	r2, r1, r2
 1408 0182 2100     		movs	r1, r4
 1409 0184 5344     		add	r3, r3, r10
 1410 0186 0C31     		adds	r1, r1, #12
 1411 0188 1800     		movs	r0, r3
 1412 018a FFF7FEFF 		bl	memcpy
 1413 018e 0021     		movs	r1, #0
 1414              	.L238:
 1415 0190 4346     		mov	r3, r8
 1416 0192 1B7D     		ldrb	r3, [r3, #20]
 1417 0194 002B     		cmp	r3, #0
 1418 0196 00D1     		bne	.LCB1493
 1419 0198 81E0     		b	.L239	@long jump
 1420              	.LCB1493:
 1421              	.L268:
 1422 019a 2AAA     		add	r2, sp, #168
 1423 019c FF23     		movs	r3, #255
 1424 019e 35E0     		b	.L256
 1425              	.L241:
ARM GAS  C:\Users\DMA\AppData\Local\Temp\cc8SfYXH.s 			page 26


 1426 01a0 5800     		lsls	r0, r3, #1
 1427 01a2 C0B2     		uxtb	r0, r0
 1428 01a4 0400     		movs	r4, r0
 1429 01a6 6C40     		eors	r4, r5
 1430 01a8 E4B2     		uxtb	r4, r4
 1431 01aa 1B06     		lsls	r3, r3, #24
 1432 01ac 40D4     		bmi	.L242
 1433              	.L302:
 1434 01ae 031C     		adds	r3, r0, #0
 1435 01b0 5800     		lsls	r0, r3, #1
 1436 01b2 C0B2     		uxtb	r0, r0
 1437 01b4 0400     		movs	r4, r0
 1438 01b6 6C40     		eors	r4, r5
 1439 01b8 E4B2     		uxtb	r4, r4
 1440 01ba 1B06     		lsls	r3, r3, #24
 1441 01bc 40D4     		bmi	.L295
 1442              	.L245:
 1443 01be 4300     		lsls	r3, r0, #1
 1444 01c0 DBB2     		uxtb	r3, r3
 1445 01c2 1C00     		movs	r4, r3
 1446 01c4 6C40     		eors	r4, r5
 1447 01c6 E4B2     		uxtb	r4, r4
 1448 01c8 0006     		lsls	r0, r0, #24
 1449 01ca 41D4     		bmi	.L296
 1450              	.L247:
 1451 01cc 5800     		lsls	r0, r3, #1
 1452 01ce C0B2     		uxtb	r0, r0
 1453 01d0 0400     		movs	r4, r0
 1454 01d2 6C40     		eors	r4, r5
 1455 01d4 E4B2     		uxtb	r4, r4
 1456 01d6 1B06     		lsls	r3, r3, #24
 1457 01d8 42D4     		bmi	.L297
 1458              	.L249:
 1459 01da 4300     		lsls	r3, r0, #1
 1460 01dc DBB2     		uxtb	r3, r3
 1461 01de 1C00     		movs	r4, r3
 1462 01e0 6C40     		eors	r4, r5
 1463 01e2 E4B2     		uxtb	r4, r4
 1464 01e4 0006     		lsls	r0, r0, #24
 1465 01e6 43D4     		bmi	.L298
 1466              	.L251:
 1467 01e8 5800     		lsls	r0, r3, #1
 1468 01ea C0B2     		uxtb	r0, r0
 1469 01ec 0400     		movs	r4, r0
 1470 01ee 6C40     		eors	r4, r5
 1471 01f0 E4B2     		uxtb	r4, r4
 1472 01f2 1B06     		lsls	r3, r3, #24
 1473 01f4 44D4     		bmi	.L299
 1474              	.L253:
 1475 01f6 4300     		lsls	r3, r0, #1
 1476 01f8 DBB2     		uxtb	r3, r3
 1477 01fa 1C00     		movs	r4, r3
 1478 01fc 6C40     		eors	r4, r5
 1479 01fe E4B2     		uxtb	r4, r4
 1480 0200 0006     		lsls	r0, r0, #24
 1481 0202 45D4     		bmi	.L300
 1482              	.L255:
ARM GAS  C:\Users\DMA\AppData\Local\Temp\cc8SfYXH.s 			page 27


 1483 0204 0132     		adds	r2, r2, #1
 1484 0206 DBB2     		uxtb	r3, r3
 1485 0208 9742     		cmp	r7, r2
 1486 020a 46D0     		beq	.L301
 1487              	.L256:
 1488 020c 1078     		ldrb	r0, [r2]
 1489 020e 4340     		eors	r3, r0
 1490 0210 58B2     		sxtb	r0, r3
 1491 0212 5B00     		lsls	r3, r3, #1
 1492 0214 DBB2     		uxtb	r3, r3
 1493 0216 1C00     		movs	r4, r3
 1494 0218 6C40     		eors	r4, r5
 1495 021a E4B2     		uxtb	r4, r4
 1496 021c 0028     		cmp	r0, #0
 1497 021e BFDA     		bge	.L241
 1498 0220 231C     		adds	r3, r4, #0
 1499 0222 5800     		lsls	r0, r3, #1
 1500 0224 C0B2     		uxtb	r0, r0
 1501 0226 0400     		movs	r4, r0
 1502 0228 6C40     		eors	r4, r5
 1503 022a E4B2     		uxtb	r4, r4
 1504 022c 1B06     		lsls	r3, r3, #24
 1505 022e BED5     		bpl	.L302
 1506              	.L242:
 1507 0230 231C     		adds	r3, r4, #0
 1508 0232 5800     		lsls	r0, r3, #1
 1509 0234 C0B2     		uxtb	r0, r0
 1510 0236 0400     		movs	r4, r0
 1511 0238 6C40     		eors	r4, r5
 1512 023a E4B2     		uxtb	r4, r4
 1513 023c 1B06     		lsls	r3, r3, #24
 1514 023e BED5     		bpl	.L245
 1515              	.L295:
 1516 0240 201C     		adds	r0, r4, #0
 1517 0242 4300     		lsls	r3, r0, #1
 1518 0244 DBB2     		uxtb	r3, r3
 1519 0246 1C00     		movs	r4, r3
 1520 0248 6C40     		eors	r4, r5
 1521 024a E4B2     		uxtb	r4, r4
 1522 024c 0006     		lsls	r0, r0, #24
 1523 024e BDD5     		bpl	.L247
 1524              	.L296:
 1525 0250 231C     		adds	r3, r4, #0
 1526 0252 5800     		lsls	r0, r3, #1
 1527 0254 C0B2     		uxtb	r0, r0
 1528 0256 0400     		movs	r4, r0
 1529 0258 6C40     		eors	r4, r5
 1530 025a E4B2     		uxtb	r4, r4
 1531 025c 1B06     		lsls	r3, r3, #24
 1532 025e BCD5     		bpl	.L249
 1533              	.L297:
 1534 0260 201C     		adds	r0, r4, #0
 1535 0262 4300     		lsls	r3, r0, #1
 1536 0264 DBB2     		uxtb	r3, r3
 1537 0266 1C00     		movs	r4, r3
 1538 0268 6C40     		eors	r4, r5
 1539 026a E4B2     		uxtb	r4, r4
ARM GAS  C:\Users\DMA\AppData\Local\Temp\cc8SfYXH.s 			page 28


 1540 026c 0006     		lsls	r0, r0, #24
 1541 026e BBD5     		bpl	.L251
 1542              	.L298:
 1543 0270 231C     		adds	r3, r4, #0
 1544 0272 5800     		lsls	r0, r3, #1
 1545 0274 C0B2     		uxtb	r0, r0
 1546 0276 0400     		movs	r4, r0
 1547 0278 6C40     		eors	r4, r5
 1548 027a E4B2     		uxtb	r4, r4
 1549 027c 1B06     		lsls	r3, r3, #24
 1550 027e BAD5     		bpl	.L253
 1551              	.L299:
 1552 0280 201C     		adds	r0, r4, #0
 1553 0282 4300     		lsls	r3, r0, #1
 1554 0284 DBB2     		uxtb	r3, r3
 1555 0286 1C00     		movs	r4, r3
 1556 0288 6C40     		eors	r4, r5
 1557 028a E4B2     		uxtb	r4, r4
 1558 028c 0006     		lsls	r0, r0, #24
 1559 028e B9D5     		bpl	.L255
 1560              	.L300:
 1561 0290 231C     		adds	r3, r4, #0
 1562 0292 0132     		adds	r2, r2, #1
 1563 0294 DBB2     		uxtb	r3, r3
 1564 0296 9742     		cmp	r7, r2
 1565 0298 B8D1     		bne	.L256
 1566              	.L301:
 1567 029a 5246     		mov	r2, r10
 1568 029c D367     		str	r3, [r2, #124]
 1569              	.L239:
 1570 029e 0136     		adds	r6, r6, #1
 1571 02a0 4E45     		cmp	r6, r9
 1572 02a2 00D8     		bhi	.LCB1656
 1573 02a4 2DE7     		b	.L257	@long jump
 1574              	.LCB1656:
 1575              	.L226:
 1576 02a6 009B     		ldr	r3, [sp]
 1577 02a8 5146     		mov	r1, r10
 1578 02aa D803     		lsls	r0, r3, #15
 1579 02ac C00D     		lsrs	r0, r0, #23
 1580 02ae FFF7FEFF 		bl	CySysFlashWriteRow
 1581 02b2 0028     		cmp	r0, #0
 1582 02b4 58D1     		bne	.L259
 1583 02b6 4346     		mov	r3, r8
 1584 02b8 1B7D     		ldrb	r3, [r3, #20]
 1585 02ba 002B     		cmp	r3, #0
 1586 02bc 46D1     		bne	.L303
 1587              	.L265:
 1588 02be 4346     		mov	r3, r8
 1589 02c0 009A     		ldr	r2, [sp]
 1590 02c2 9A60     		str	r2, [r3, #8]
 1591 02c4 059B     		ldr	r3, [sp, #20]
 1592 02c6 099A     		ldr	r2, [sp, #36]
 1593 02c8 0133     		adds	r3, r3, #1
 1594 02ca 0593     		str	r3, [sp, #20]
 1595 02cc 9A42     		cmp	r2, r3
 1596 02ce 00D0     		beq	.LCB1679
ARM GAS  C:\Users\DMA\AppData\Local\Temp\cc8SfYXH.s 			page 29


 1597 02d0 C1E6     		b	.L260	@long jump
 1598              	.LCB1679:
 1599 02d2 0020     		movs	r0, #0
 1600              	.L282:
 1601 02d4 4BB0     		add	sp, sp, #300
 1602              		@ sp needed
 1603 02d6 3CBC     		pop	{r2, r3, r4, r5}
 1604 02d8 9046     		mov	r8, r2
 1605 02da 9946     		mov	r9, r3
 1606 02dc A246     		mov	r10, r4
 1607 02de AB46     		mov	fp, r5
 1608 02e0 F0BD     		pop	{r4, r5, r6, r7, pc}
 1609              	.L230:
 1610 02e2 0131     		adds	r1, r1, #1
 1611 02e4 0029     		cmp	r1, #0
 1612 02e6 00D0     		beq	.LCB1702
 1613 02e8 52E7     		b	.L238	@long jump
 1614              	.LCB1702:
 1615 02ea 0024     		movs	r4, #0
 1616 02ec 029A     		ldr	r2, [sp, #8]
 1617 02ee 44E7     		b	.L235
 1618              	.L232:
 1619 02f0 019B     		ldr	r3, [sp, #4]
 1620 02f2 5B44     		add	r3, r3, fp
 1621 02f4 9942     		cmp	r1, r3
 1622 02f6 12D8     		bhi	.L237
 1623 02f8 7F31     		adds	r1, r1, #127
 1624 02fa 8B42     		cmp	r3, r1
 1625 02fc 0FD8     		bhi	.L237
 1626 02fe 0199     		ldr	r1, [sp, #4]
 1627 0300 5A46     		mov	r2, fp
 1628 0302 7F23     		movs	r3, #127
 1629 0304 8C46     		mov	ip, r1
 1630 0306 1340     		ands	r3, r2
 1631 0308 6344     		add	r3, r3, ip
 1632 030a 1A00     		movs	r2, r3
 1633 030c 0393     		str	r3, [sp, #12]
 1634 030e 0B00     		movs	r3, r1
 1635 0310 8033     		adds	r3, r3, #128
 1636 0312 9B1A     		subs	r3, r3, r2
 1637 0314 9B46     		mov	fp, r3
 1638 0316 8023     		movs	r3, #128
 1639 0318 0293     		str	r3, [sp, #8]
 1640 031a 1A00     		movs	r2, r3
 1641 031c 2DE7     		b	.L235
 1642              	.L237:
 1643 031e 4346     		mov	r3, r8
 1644 0320 1B7D     		ldrb	r3, [r3, #20]
 1645 0322 002B     		cmp	r3, #0
 1646 0324 0AD0     		beq	.L275
 1647 0326 0023     		movs	r3, #0
 1648 0328 0121     		movs	r1, #1
 1649 032a 9B46     		mov	fp, r3
 1650 032c 35E7     		b	.L268
 1651              	.L291:
 1652 032e 8023     		movs	r3, #128
 1653 0330 5B00     		lsls	r3, r3, #1
ARM GAS  C:\Users\DMA\AppData\Local\Temp\cc8SfYXH.s 			page 30


 1654 0332 0393     		str	r3, [sp, #12]
 1655 0334 0023     		movs	r3, #0
 1656 0336 029A     		ldr	r2, [sp, #8]
 1657 0338 9B46     		mov	fp, r3
 1658 033a 1EE7     		b	.L235
 1659              	.L275:
 1660 033c 0023     		movs	r3, #0
 1661 033e 0136     		adds	r6, r6, #1
 1662 0340 9B46     		mov	fp, r3
 1663 0342 0121     		movs	r1, #1
 1664 0344 4E45     		cmp	r6, r9
 1665 0346 00D8     		bhi	.LCB1761
 1666 0348 DBE6     		b	.L257	@long jump
 1667              	.LCB1761:
 1668 034a ACE7     		b	.L226
 1669              	.L303:
 1670 034c 4346     		mov	r3, r8
 1671 034e 1A68     		ldr	r2, [r3]
 1672 0350 9B69     		ldr	r3, [r3, #24]
 1673 0352 5146     		mov	r1, r10
 1674 0354 D01A     		subs	r0, r2, r3
 1675 0356 009B     		ldr	r3, [sp]
 1676 0358 9C46     		mov	ip, r3
 1677 035a 6044     		add	r0, r0, ip
 1678 035c C003     		lsls	r0, r0, #15
 1679 035e C00D     		lsrs	r0, r0, #23
 1680 0360 FFF7FEFF 		bl	CySysFlashWriteRow
 1681 0364 0028     		cmp	r0, #0
 1682 0366 AAD0     		beq	.L265
 1683              	.L259:
 1684 0368 0420     		movs	r0, #4
 1685 036a B3E7     		b	.L282
 1686              	.L221:
 1687 036c 8022     		movs	r2, #128
 1688 036e 0021     		movs	r1, #0
 1689 0370 5200     		lsls	r2, r2, #1
 1690 0372 5046     		mov	r0, r10
 1691 0374 FFF7FEFF 		bl	memset
 1692 0378 731C     		adds	r3, r6, #1
 1693 037a 9946     		mov	r9, r3
 1694 037c 5346     		mov	r3, r10
 1695 037e 4A46     		mov	r2, r9
 1696 0380 1A60     		str	r2, [r3]
 1697 0382 069A     		ldr	r2, [sp, #24]
 1698 0384 0499     		ldr	r1, [sp, #16]
 1699 0386 5A60     		str	r2, [r3, #4]
 1700 0388 089B     		ldr	r3, [sp, #32]
 1701 038a 059A     		ldr	r2, [sp, #20]
 1702 038c 9342     		cmp	r3, r2
 1703 038e 0CD0     		beq	.L266
 1704 0390 0025     		movs	r5, #0
 1705 0392 99E6     		b	.L267
 1706              	.L293:
 1707 0394 2900     		movs	r1, r5
 1708 0396 8022     		movs	r2, #128
 1709 0398 8031     		adds	r1, r1, #128
 1710 039a 2AA8     		add	r0, sp, #168
ARM GAS  C:\Users\DMA\AppData\Local\Temp\cc8SfYXH.s 			page 31


 1711 039c FFF7FEFF 		bl	memcpy
 1712 03a0 A4E6     		b	.L224
 1713              	.L272:
 1714 03a2 009D     		ldr	r5, [sp]
 1715 03a4 7BE6     		b	.L222
 1716              	.L273:
 1717 03a6 079A     		ldr	r2, [sp, #28]
 1718 03a8 98E6     		b	.L223
 1719              	.L266:
 1720 03aa 5246     		mov	r2, r10
 1721 03ac 079B     		ldr	r3, [sp, #28]
 1722 03ae 0DA8     		add	r0, sp, #52
 1723 03b0 9360     		str	r3, [r2, #8]
 1724 03b2 1A00     		movs	r2, r3
 1725 03b4 FFF7FEFF 		bl	memcpy
 1726 03b8 98E6     		b	.L224
 1727              	.L294:
 1728 03ba 4346     		mov	r3, r8
 1729 03bc 5446     		mov	r4, r10
 1730 03be 9A69     		ldr	r2, [r3, #24]
 1731 03c0 B0E6     		b	.L228
 1732              	.L305:
 1733 03c2 C046     		.align	2
 1734              	.L304:
 1735 03c4 FFFFFF00 		.word	16777215
 1736              		.size	Cy_Em_EEPROM_Write, .-Cy_Em_EEPROM_Write
 1737              		.section	.text.Cy_Em_EEPROM_Erase,"ax",%progbits
 1738              		.align	2
 1739              		.global	Cy_Em_EEPROM_Erase
 1740              		.code	16
 1741              		.thumb_func
 1742              		.type	Cy_Em_EEPROM_Erase, %function
 1743              	Cy_Em_EEPROM_Erase:
 1744              		@ args = 0, pretend = 0, frame = 256
 1745              		@ frame_needed = 0, uses_anonymous_args = 0
 1746 0000 8022     		movs	r2, #128
 1747 0002 F0B5     		push	{r4, r5, r6, r7, lr}
 1748 0004 8468     		ldr	r4, [r0, #8]
 1749 0006 C1B0     		sub	sp, sp, #260
 1750 0008 0500     		movs	r5, r0
 1751 000a 5200     		lsls	r2, r2, #1
 1752 000c 0021     		movs	r1, #0
 1753 000e 6846     		mov	r0, sp
 1754 0010 FFF7FEFF 		bl	memset
 1755 0014 2368     		ldr	r3, [r4]
 1756 0016 002B     		cmp	r3, #0
 1757 0018 02D1     		bne	.L307
 1758              	.L328:
 1759 001a 0420     		movs	r0, #4
 1760              	.L350:
 1761 001c 41B0     		add	sp, sp, #260
 1762              		@ sp needed
 1763 001e F0BD     		pop	{r4, r5, r6, r7, pc}
 1764              	.L307:
 1765 0020 6B68     		ldr	r3, [r5, #4]
 1766 0022 2E69     		ldr	r6, [r5, #16]
 1767 0024 5E43     		muls	r6, r3
ARM GAS  C:\Users\DMA\AppData\Local\Temp\cc8SfYXH.s 			page 32


 1768 0026 2B7D     		ldrb	r3, [r5, #20]
 1769 0028 002B     		cmp	r3, #0
 1770 002a 69D0     		beq	.L309
 1771 002c 8122     		movs	r2, #129
 1772 002e 40A8     		add	r0, sp, #256
 1773 0030 6A44     		add	r2, r2, sp
 1774 0032 0027     		movs	r7, #0
 1775 0034 FF23     		movs	r3, #255
 1776 0036 3121     		movs	r1, #49
 1777 0038 26E0     		b	.L327
 1778              	.L311:
 1779 003a 5FB2     		sxtb	r7, r3
 1780 003c 5B00     		lsls	r3, r3, #1
 1781 003e DBB2     		uxtb	r3, r3
 1782 0040 002F     		cmp	r7, #0
 1783 0042 2EDB     		blt	.L352
 1784              	.L313:
 1785 0044 5FB2     		sxtb	r7, r3
 1786 0046 5B00     		lsls	r3, r3, #1
 1787 0048 DBB2     		uxtb	r3, r3
 1788 004a 002F     		cmp	r7, #0
 1789 004c 30DB     		blt	.L353
 1790              	.L315:
 1791 004e 5FB2     		sxtb	r7, r3
 1792 0050 5B00     		lsls	r3, r3, #1
 1793 0052 DBB2     		uxtb	r3, r3
 1794 0054 002F     		cmp	r7, #0
 1795 0056 32DB     		blt	.L354
 1796              	.L317:
 1797 0058 5FB2     		sxtb	r7, r3
 1798 005a 5B00     		lsls	r3, r3, #1
 1799 005c DBB2     		uxtb	r3, r3
 1800 005e 002F     		cmp	r7, #0
 1801 0060 34DB     		blt	.L355
 1802              	.L319:
 1803 0062 5FB2     		sxtb	r7, r3
 1804 0064 5B00     		lsls	r3, r3, #1
 1805 0066 DBB2     		uxtb	r3, r3
 1806 0068 002F     		cmp	r7, #0
 1807 006a 36DB     		blt	.L356
 1808              	.L321:
 1809 006c 5FB2     		sxtb	r7, r3
 1810 006e 5B00     		lsls	r3, r3, #1
 1811 0070 DBB2     		uxtb	r3, r3
 1812 0072 002F     		cmp	r7, #0
 1813 0074 38DB     		blt	.L357
 1814              	.L323:
 1815 0076 5FB2     		sxtb	r7, r3
 1816 0078 5B00     		lsls	r3, r3, #1
 1817 007a DBB2     		uxtb	r3, r3
 1818 007c 002F     		cmp	r7, #0
 1819 007e 3ADB     		blt	.L358
 1820              	.L325:
 1821 0080 8242     		cmp	r2, r0
 1822 0082 3CD0     		beq	.L326
 1823              	.L359:
 1824 0084 1778     		ldrb	r7, [r2]
ARM GAS  C:\Users\DMA\AppData\Local\Temp\cc8SfYXH.s 			page 33


 1825 0086 0132     		adds	r2, r2, #1
 1826              	.L327:
 1827 0088 7B40     		eors	r3, r7
 1828 008a 5FB2     		sxtb	r7, r3
 1829 008c 5B00     		lsls	r3, r3, #1
 1830 008e DBB2     		uxtb	r3, r3
 1831 0090 002F     		cmp	r7, #0
 1832 0092 D2DA     		bge	.L311
 1833 0094 4B40     		eors	r3, r1
 1834 0096 DBB2     		uxtb	r3, r3
 1835 0098 5FB2     		sxtb	r7, r3
 1836 009a 5B00     		lsls	r3, r3, #1
 1837 009c DBB2     		uxtb	r3, r3
 1838 009e 002F     		cmp	r7, #0
 1839 00a0 D0DA     		bge	.L313
 1840              	.L352:
 1841 00a2 4B40     		eors	r3, r1
 1842 00a4 DBB2     		uxtb	r3, r3
 1843 00a6 5FB2     		sxtb	r7, r3
 1844 00a8 5B00     		lsls	r3, r3, #1
 1845 00aa DBB2     		uxtb	r3, r3
 1846 00ac 002F     		cmp	r7, #0
 1847 00ae CEDA     		bge	.L315
 1848              	.L353:
 1849 00b0 4B40     		eors	r3, r1
 1850 00b2 DBB2     		uxtb	r3, r3
 1851 00b4 5FB2     		sxtb	r7, r3
 1852 00b6 5B00     		lsls	r3, r3, #1
 1853 00b8 DBB2     		uxtb	r3, r3
 1854 00ba 002F     		cmp	r7, #0
 1855 00bc CCDA     		bge	.L317
 1856              	.L354:
 1857 00be 4B40     		eors	r3, r1
 1858 00c0 DBB2     		uxtb	r3, r3
 1859 00c2 5FB2     		sxtb	r7, r3
 1860 00c4 5B00     		lsls	r3, r3, #1
 1861 00c6 DBB2     		uxtb	r3, r3
 1862 00c8 002F     		cmp	r7, #0
 1863 00ca CADA     		bge	.L319
 1864              	.L355:
 1865 00cc 4B40     		eors	r3, r1
 1866 00ce DBB2     		uxtb	r3, r3
 1867 00d0 5FB2     		sxtb	r7, r3
 1868 00d2 5B00     		lsls	r3, r3, #1
 1869 00d4 DBB2     		uxtb	r3, r3
 1870 00d6 002F     		cmp	r7, #0
 1871 00d8 C8DA     		bge	.L321
 1872              	.L356:
 1873 00da 4B40     		eors	r3, r1
 1874 00dc DBB2     		uxtb	r3, r3
 1875 00de 5FB2     		sxtb	r7, r3
 1876 00e0 5B00     		lsls	r3, r3, #1
 1877 00e2 DBB2     		uxtb	r3, r3
 1878 00e4 002F     		cmp	r7, #0
 1879 00e6 C6DA     		bge	.L323
 1880              	.L357:
 1881 00e8 4B40     		eors	r3, r1
ARM GAS  C:\Users\DMA\AppData\Local\Temp\cc8SfYXH.s 			page 34


 1882 00ea DBB2     		uxtb	r3, r3
 1883 00ec 5FB2     		sxtb	r7, r3
 1884 00ee 5B00     		lsls	r3, r3, #1
 1885 00f0 DBB2     		uxtb	r3, r3
 1886 00f2 002F     		cmp	r7, #0
 1887 00f4 C4DA     		bge	.L325
 1888              	.L358:
 1889 00f6 4B40     		eors	r3, r1
 1890 00f8 DBB2     		uxtb	r3, r3
 1891 00fa 8242     		cmp	r2, r0
 1892 00fc C2D1     		bne	.L359
 1893              	.L326:
 1894 00fe 1F93     		str	r3, [sp, #124]
 1895              	.L309:
 1896 0100 002E     		cmp	r6, #0
 1897 0102 00D1     		bne	.LCB2025
 1898 0104 89E7     		b	.L328	@long jump
 1899              	.LCB2025:
 1900 0106 0027     		movs	r7, #0
 1901 0108 08E0     		b	.L334
 1902              	.L331:
 1903 010a 2B7D     		ldrb	r3, [r5, #20]
 1904 010c 002B     		cmp	r3, #0
 1905 010e 19D1     		bne	.L360
 1906              	.L333:
 1907 0110 0020     		movs	r0, #0
 1908 0112 AC60     		str	r4, [r5, #8]
 1909              	.L336:
 1910 0114 0137     		adds	r7, r7, #1
 1911 0116 BE42     		cmp	r6, r7
 1912 0118 00D1     		bne	.LCB2041
 1913 011a 7FE7     		b	.L350	@long jump
 1914              	.LCB2041:
 1915              	.L334:
 1916 011c 2368     		ldr	r3, [r4]
 1917 011e 002B     		cmp	r3, #0
 1918 0120 01D0     		beq	.L329
 1919 0122 0134     		adds	r4, r4, #1
 1920 0124 FF34     		adds	r4, r4, #255
 1921              	.L329:
 1922 0126 2A68     		ldr	r2, [r5]
 1923 0128 9442     		cmp	r4, r2
 1924 012a 00D3     		bcc	.L330
 1925 012c AC69     		ldr	r4, [r5, #24]
 1926              	.L330:
 1927 012e E003     		lsls	r0, r4, #15
 1928 0130 0133     		adds	r3, r3, #1
 1929 0132 C00D     		lsrs	r0, r0, #23
 1930 0134 6946     		mov	r1, sp
 1931 0136 0093     		str	r3, [sp]
 1932 0138 FFF7FEFF 		bl	CySysFlashWriteRow
 1933 013c 0028     		cmp	r0, #0
 1934 013e E4D0     		beq	.L331
 1935 0140 0420     		movs	r0, #4
 1936 0142 E7E7     		b	.L336
 1937              	.L360:
 1938 0144 2B68     		ldr	r3, [r5]
ARM GAS  C:\Users\DMA\AppData\Local\Temp\cc8SfYXH.s 			page 35


 1939 0146 AA69     		ldr	r2, [r5, #24]
 1940 0148 6946     		mov	r1, sp
 1941 014a 981A     		subs	r0, r3, r2
 1942 014c 0019     		adds	r0, r0, r4
 1943 014e C003     		lsls	r0, r0, #15
 1944 0150 C00D     		lsrs	r0, r0, #23
 1945 0152 FFF7FEFF 		bl	CySysFlashWriteRow
 1946 0156 0028     		cmp	r0, #0
 1947 0158 DAD0     		beq	.L333
 1948 015a 0420     		movs	r0, #4
 1949 015c DAE7     		b	.L336
 1950              		.size	Cy_Em_EEPROM_Erase, .-Cy_Em_EEPROM_Erase
 1951 015e C046     		.section	.text.Cy_Em_EEPROM_NumWrites,"ax",%progbits
 1952              		.align	2
 1953              		.global	Cy_Em_EEPROM_NumWrites
 1954              		.code	16
 1955              		.thumb_func
 1956              		.type	Cy_Em_EEPROM_NumWrites, %function
 1957              	Cy_Em_EEPROM_NumWrites:
 1958              		@ args = 0, pretend = 0, frame = 0
 1959              		@ frame_needed = 0, uses_anonymous_args = 0
 1960              		@ link register save eliminated.
 1961 0000 8368     		ldr	r3, [r0, #8]
 1962              		@ sp needed
 1963 0002 1868     		ldr	r0, [r3]
 1964 0004 7047     		bx	lr
 1965              		.size	Cy_Em_EEPROM_NumWrites, .-Cy_Em_EEPROM_NumWrites
 1966 0006 C046     		.ident	"GCC: (GNU Tools for ARM Embedded Processors) 5.4.1 20160609 (release) [ARM/embedded-5-bran
