ARM GAS  C:\Users\DMA\AppData\Local\Temp\cc9Nyfs7.s 			page 1


   1              		.syntax unified
   2              		.cpu cortex-m0
   3              		.fpu softvfp
   4              		.eabi_attribute 20, 1
   5              		.eabi_attribute 21, 1
   6              		.eabi_attribute 23, 3
   7              		.eabi_attribute 24, 1
   8              		.eabi_attribute 25, 1
   9              		.eabi_attribute 26, 1
  10              		.eabi_attribute 30, 2
  11              		.eabi_attribute 34, 0
  12              		.eabi_attribute 18, 4
  13              		.thumb
  14              		.syntax unified
  15              		.file	"cyutils.c"
  16              		.section	.text.CySetReg24,"ax",%progbits
  17              		.align	2
  18              		.global	CySetReg24
  19              		.code	16
  20              		.thumb_func
  21              		.type	CySetReg24, %function
  22              	CySetReg24:
  23              		@ args = 0, pretend = 0, frame = 0
  24              		@ frame_needed = 0, uses_anonymous_args = 0
  25              		@ link register save eliminated.
  26 0000 CBB2     		uxtb	r3, r1
  27 0002 0370     		strb	r3, [r0]
  28 0004 0B0A     		lsrs	r3, r1, #8
  29 0006 090C     		lsrs	r1, r1, #16
  30 0008 DBB2     		uxtb	r3, r3
  31 000a C9B2     		uxtb	r1, r1
  32 000c 4370     		strb	r3, [r0, #1]
  33              		@ sp needed
  34 000e 8170     		strb	r1, [r0, #2]
  35 0010 7047     		bx	lr
  36              		.size	CySetReg24, .-CySetReg24
  37 0012 C046     		.section	.text.CyGetReg24,"ax",%progbits
  38              		.align	2
  39              		.global	CyGetReg24
  40              		.code	16
  41              		.thumb_func
  42              		.type	CyGetReg24, %function
  43              	CyGetReg24:
  44              		@ args = 0, pretend = 0, frame = 0
  45              		@ frame_needed = 0, uses_anonymous_args = 0
  46              		@ link register save eliminated.
  47 0000 0300     		movs	r3, r0
  48 0002 0278     		ldrb	r2, [r0]
  49 0004 4078     		ldrb	r0, [r0, #1]
  50 0006 9B78     		ldrb	r3, [r3, #2]
  51 0008 0002     		lsls	r0, r0, #8
  52 000a 1B04     		lsls	r3, r3, #16
  53 000c 1843     		orrs	r0, r3
  54 000e 1043     		orrs	r0, r2
  55              		@ sp needed
  56 0010 7047     		bx	lr
  57              		.size	CyGetReg24, .-CyGetReg24
ARM GAS  C:\Users\DMA\AppData\Local\Temp\cc9Nyfs7.s 			page 2


  58 0012 C046     		.ident	"GCC: (GNU Tools for ARM Embedded Processors) 5.4.1 20160609 (release) [ARM/embedded-5-bran
