ARM GAS  C:\Users\DMA\AppData\Local\Temp\cc9k2OPL.s 			page 1


   1              		.syntax unified
   2              		.cpu cortex-m0
   3              		.fpu softvfp
   4              		.eabi_attribute 20, 1
   5              		.eabi_attribute 21, 1
   6              		.eabi_attribute 23, 3
   7              		.eabi_attribute 24, 1
   8              		.eabi_attribute 25, 1
   9              		.eabi_attribute 26, 1
  10              		.eabi_attribute 30, 2
  11              		.eabi_attribute 34, 0
  12              		.eabi_attribute 18, 4
  13              		.thumb
  14              		.syntax unified
  15              		.file	"LED_GRN.c"
  16              		.section	.text.LED_GRN_SetDriveMode,"ax",%progbits
  17              		.align	2
  18              		.global	LED_GRN_SetDriveMode
  19              		.code	16
  20              		.thumb_func
  21              		.type	LED_GRN_SetDriveMode, %function
  22              	LED_GRN_SetDriveMode:
  23              		@ args = 0, pretend = 0, frame = 0
  24              		@ frame_needed = 0, uses_anonymous_args = 0
  25              		@ link register save eliminated.
  26 0000 034A     		ldr	r2, .L2
  27 0002 044B     		ldr	r3, .L2+4
  28 0004 1168     		ldr	r1, [r2]
  29 0006 8004     		lsls	r0, r0, #18
  30 0008 0B40     		ands	r3, r1
  31 000a 1843     		orrs	r0, r3
  32 000c 1060     		str	r0, [r2]
  33              		@ sp needed
  34 000e 7047     		bx	lr
  35              	.L3:
  36              		.align	2
  37              	.L2:
  38 0010 08030440 		.word	1074004744
  39 0014 FFFFE3FF 		.word	-1835009
  40              		.size	LED_GRN_SetDriveMode, .-LED_GRN_SetDriveMode
  41              		.section	.text.LED_GRN_Write,"ax",%progbits
  42              		.align	2
  43              		.global	LED_GRN_Write
  44              		.code	16
  45              		.thumb_func
  46              		.type	LED_GRN_Write, %function
  47              	LED_GRN_Write:
  48              		@ args = 0, pretend = 0, frame = 0
  49              		@ frame_needed = 0, uses_anonymous_args = 0
  50              		@ link register save eliminated.
  51 0000 0300     		movs	r3, r0
  52 0002 4020     		movs	r0, #64
  53 0004 0449     		ldr	r1, .L5
  54 0006 9B01     		lsls	r3, r3, #6
  55 0008 0A68     		ldr	r2, [r1]
  56              		@ sp needed
  57 000a 8243     		bics	r2, r0
ARM GAS  C:\Users\DMA\AppData\Local\Temp\cc9k2OPL.s 			page 2


  58 000c D2B2     		uxtb	r2, r2
  59 000e 1840     		ands	r0, r3
  60 0010 1043     		orrs	r0, r2
  61 0012 0860     		str	r0, [r1]
  62 0014 7047     		bx	lr
  63              	.L6:
  64 0016 C046     		.align	2
  65              	.L5:
  66 0018 00030440 		.word	1074004736
  67              		.size	LED_GRN_Write, .-LED_GRN_Write
  68              		.section	.text.LED_GRN_Read,"ax",%progbits
  69              		.align	2
  70              		.global	LED_GRN_Read
  71              		.code	16
  72              		.thumb_func
  73              		.type	LED_GRN_Read, %function
  74              	LED_GRN_Read:
  75              		@ args = 0, pretend = 0, frame = 0
  76              		@ frame_needed = 0, uses_anonymous_args = 0
  77              		@ link register save eliminated.
  78 0000 024B     		ldr	r3, .L8
  79              		@ sp needed
  80 0002 1868     		ldr	r0, [r3]
  81 0004 4006     		lsls	r0, r0, #25
  82 0006 C00F     		lsrs	r0, r0, #31
  83 0008 7047     		bx	lr
  84              	.L9:
  85 000a C046     		.align	2
  86              	.L8:
  87 000c 04030440 		.word	1074004740
  88              		.size	LED_GRN_Read, .-LED_GRN_Read
  89              		.section	.text.LED_GRN_ReadDataReg,"ax",%progbits
  90              		.align	2
  91              		.global	LED_GRN_ReadDataReg
  92              		.code	16
  93              		.thumb_func
  94              		.type	LED_GRN_ReadDataReg, %function
  95              	LED_GRN_ReadDataReg:
  96              		@ args = 0, pretend = 0, frame = 0
  97              		@ frame_needed = 0, uses_anonymous_args = 0
  98              		@ link register save eliminated.
  99 0000 024B     		ldr	r3, .L11
 100              		@ sp needed
 101 0002 1868     		ldr	r0, [r3]
 102 0004 4006     		lsls	r0, r0, #25
 103 0006 C00F     		lsrs	r0, r0, #31
 104 0008 7047     		bx	lr
 105              	.L12:
 106 000a C046     		.align	2
 107              	.L11:
 108 000c 00030440 		.word	1074004736
 109              		.size	LED_GRN_ReadDataReg, .-LED_GRN_ReadDataReg
 110              		.section	.text.LED_GRN_SetInterruptMode,"ax",%progbits
 111              		.align	2
 112              		.global	LED_GRN_SetInterruptMode
 113              		.code	16
 114              		.thumb_func
ARM GAS  C:\Users\DMA\AppData\Local\Temp\cc9k2OPL.s 			page 3


 115              		.type	LED_GRN_SetInterruptMode, %function
 116              	LED_GRN_SetInterruptMode:
 117              		@ args = 0, pretend = 0, frame = 0
 118              		@ frame_needed = 0, uses_anonymous_args = 0
 119              		@ link register save eliminated.
 120 0000 034A     		ldr	r2, .L14
 121              		@ sp needed
 122 0002 1368     		ldr	r3, [r2]
 123 0004 8343     		bics	r3, r0
 124 0006 0840     		ands	r0, r1
 125 0008 1843     		orrs	r0, r3
 126 000a 1060     		str	r0, [r2]
 127 000c 7047     		bx	lr
 128              	.L15:
 129 000e C046     		.align	2
 130              	.L14:
 131 0010 0C030440 		.word	1074004748
 132              		.size	LED_GRN_SetInterruptMode, .-LED_GRN_SetInterruptMode
 133              		.section	.text.LED_GRN_ClearInterrupt,"ax",%progbits
 134              		.align	2
 135              		.global	LED_GRN_ClearInterrupt
 136              		.code	16
 137              		.thumb_func
 138              		.type	LED_GRN_ClearInterrupt, %function
 139              	LED_GRN_ClearInterrupt:
 140              		@ args = 0, pretend = 0, frame = 0
 141              		@ frame_needed = 0, uses_anonymous_args = 0
 142              		@ link register save eliminated.
 143 0000 4020     		movs	r0, #64
 144 0002 034A     		ldr	r2, .L17
 145              		@ sp needed
 146 0004 1368     		ldr	r3, [r2]
 147 0006 1840     		ands	r0, r3
 148 0008 1060     		str	r0, [r2]
 149 000a 8009     		lsrs	r0, r0, #6
 150 000c C0B2     		uxtb	r0, r0
 151 000e 7047     		bx	lr
 152              	.L18:
 153              		.align	2
 154              	.L17:
 155 0010 10030440 		.word	1074004752
 156              		.size	LED_GRN_ClearInterrupt, .-LED_GRN_ClearInterrupt
 157              		.ident	"GCC: (GNU Tools for ARM Embedded Processors) 5.4.1 20160609 (release) [ARM/embedded-5-bran
